\BOOKMARK [1][-]{section.1}{Introduction}{}% 1
\BOOKMARK [1][-]{section.2}{Theory}{}% 2
\BOOKMARK [2][-]{subsection.2.1}{The diffusion equation}{section.2}% 3
\BOOKMARK [2][-]{subsection.2.2}{Analytical solution}{section.2}% 4
\BOOKMARK [2][-]{subsection.2.3}{Explicit forward Euler}{section.2}% 5
\BOOKMARK [2][-]{subsection.2.4}{Solving Differential equations with deep learning}{section.2}% 6
\BOOKMARK [2][-]{subsection.2.5}{Solving eigenvalue problems}{section.2}% 7
\BOOKMARK [1][-]{section.3}{Method}{}% 8
\BOOKMARK [2][-]{subsection.3.1}{Unit testing}{section.3}% 9
\BOOKMARK [2][-]{subsection.3.2}{Neural network setup}{section.3}% 10
\BOOKMARK [2][-]{subsection.3.3}{Forward Euler}{section.3}% 11
\BOOKMARK [2][-]{subsection.3.4}{Comparing numerical results}{section.3}% 12
\BOOKMARK [2][-]{subsection.3.5}{Finding eigenvalues}{section.3}% 13
\BOOKMARK [1][-]{section.4}{Results}{}% 14
\BOOKMARK [2][-]{subsection.4.1}{Finding a suitable Neural network}{section.4}% 15
\BOOKMARK [2][-]{subsection.4.2}{Error of Forward Euler scheme}{section.4}% 16
\BOOKMARK [2][-]{subsection.4.3}{Comparison of error}{section.4}% 17
\BOOKMARK [2][-]{subsection.4.4}{Eigenvalue problem}{section.4}% 18
\BOOKMARK [1][-]{section.5}{Discussion}{}% 19
\BOOKMARK [2][-]{subsection.5.1}{Solving the diffusion equation with Forward Euler}{section.5}% 20
\BOOKMARK [2][-]{subsection.5.2}{Solving the diffusion equation with a neural network}{section.5}% 21
\BOOKMARK [2][-]{subsection.5.3}{Comparison between Forward Euler and neural network}{section.5}% 22
\BOOKMARK [2][-]{subsection.5.4}{Using Forward Euler and Neural Network to find eigenvalues}{section.5}% 23
\BOOKMARK [1][-]{section.6}{Conclusion}{}% 24
\BOOKMARK [1][-]{section.7}{Appendix}{}% 25
\BOOKMARK [2][-]{subsection.7.1}{Analytical solution of the diffusion equation}{section.7}% 26
\BOOKMARK [2][-]{subsection.7.2}{Forward Euler unit test results}{section.7}% 27
