\BOOKMARK [1][-]{section.1}{Introduction}{}% 1
\BOOKMARK [1][-]{section.2}{Theory}{}% 2
\BOOKMARK [2][-]{subsection.2.1}{Gradient Descent}{section.2}% 3
\BOOKMARK [3][-]{subsubsection.2.1.1}{Ordinary Gradient Descent}{subsection.2.1}% 4
\BOOKMARK [3][-]{subsubsection.2.1.2}{Stochastic Gradient Descent}{subsection.2.1}% 5
\BOOKMARK [3][-]{subsubsection.2.1.3}{Adding Momentum}{subsection.2.1}% 6
\BOOKMARK [2][-]{subsection.2.2}{Logistic Regression}{section.2}% 7
\BOOKMARK [2][-]{subsection.2.3}{Feed-Forward Deep Neural Networks}{section.2}% 8
\BOOKMARK [3][-]{subsubsection.2.3.1}{Architecture of Neural Networks}{subsection.2.3}% 9
\BOOKMARK [3][-]{subsubsection.2.3.2}{Activation Functions}{subsection.2.3}% 10
\BOOKMARK [3][-]{subsubsection.2.3.3}{Cost Function and Regularization}{subsection.2.3}% 11
\BOOKMARK [3][-]{subsubsection.2.3.4}{The Backpropagation Algorithm}{subsection.2.3}% 12
\BOOKMARK [3][-]{subsubsection.2.3.5}{Numerical gradients}{subsection.2.3}% 13
\BOOKMARK [3][-]{subsubsection.2.3.6}{Initialization of weights}{subsection.2.3}% 14
\BOOKMARK [1][-]{section.3}{Methods}{}% 15
\BOOKMARK [2][-]{subsection.3.1}{Franke Function}{section.3}% 16
\BOOKMARK [3][-]{subsubsection.3.1.1}{Stochastic Gradient Descent}{subsection.3.1}% 17
\BOOKMARK [3][-]{subsubsection.3.1.2}{Feed Forward Neural Network}{subsection.3.1}% 18
\BOOKMARK [2][-]{subsection.3.2}{Wisconsin Breast Cancer Data}{section.3}% 19
\BOOKMARK [3][-]{subsubsection.3.2.1}{Feed Forward Neural Network}{subsection.3.2}% 20
\BOOKMARK [3][-]{subsubsection.3.2.2}{Logistic Regression}{subsection.3.2}% 21
\BOOKMARK [1][-]{section.4}{Results}{}% 22
\BOOKMARK [2][-]{subsection.4.1}{Franke Function}{section.4}% 23
\BOOKMARK [3][-]{subsubsection.4.1.1}{Stochastic Gradient Descent}{subsection.4.1}% 24
\BOOKMARK [3][-]{subsubsection.4.1.2}{Feed Forward Neural Network}{subsection.4.1}% 25
\BOOKMARK [2][-]{subsection.4.2}{Wisconsin Breast Cancer Data}{section.4}% 26
\BOOKMARK [3][-]{subsubsection.4.2.1}{Feed Forward Neural Network}{subsection.4.2}% 27
\BOOKMARK [3][-]{subsubsection.4.2.2}{Logistic Regression}{subsection.4.2}% 28
\BOOKMARK [1][-]{section.5}{Discussion}{}% 29
\BOOKMARK [1][-]{section.6}{Conclusion}{}% 30
