This is pdfTeX, Version 3.14159265-2.6-1.40.21 (TeX Live 2020/Debian) (preloaded format=pdflatex 2021.10.2)  16 NOV 2021 11:59
entering extended mode
 restricted \write18 enabled.
 file:line:error style messages enabled.
 %&-line parsing enabled.
**/home/vetle/Documents/emner/FYS-STK4155/FYS-STK4155/project2/tex/project2.tex
(/home/vetle/Documents/emner/FYS-STK4155/FYS-STK4155/project2/tex/project2.tex
LaTeX2e <2020-10-01> patch level 4
L3 programming layer <2021-01-09> xparse <2020-03-03> (/usr/share/texlive/texmf-dist/tex/latex/extsizes/extarticle.cls
Document Class: extarticle 1996/10/08 v1.0 Non Standard LaTeX document class
(/usr/share/texlive/texmf-dist/tex/latex/base/size12.clo
File: size12.clo 2020/04/10 v1.4m Standard LaTeX file (size option)
) (/usr/share/texlive/texmf-dist/tex/latex/base/exscale.sty
Package: exscale 2018/09/24 v2.1i Standard LaTeX package exscale
LaTeX Font Info:    Redeclaring symbol font `largesymbols' on input line 57.
LaTeX Font Info:    Overwriting symbol font `largesymbols' in version `normal'
(Font)                  OMX/cmex/m/n --> OMX/cmex/m/n on input line 57.
LaTeX Font Info:    Overwriting symbol font `largesymbols' in version `bold'
(Font)                  OMX/cmex/m/n --> OMX/cmex/m/n on input line 57.
\big@size=\dimen138
)
\c@part=\count177
\c@section=\count178
\c@subsection=\count179
\c@subsubsection=\count180
\c@paragraph=\count181
\c@subparagraph=\count182
\c@figure=\count183
\c@table=\count184
\abovecaptionskip=\skip47
\belowcaptionskip=\skip48
\bibindent=\dimen139
) (/usr/share/texlive/texmf-dist/tex/generic/babel/babel.sty
Package: babel 2021/01/26 3.53 The Babel package
 (/usr/share/texlive/texmf-dist/tex/generic/babel/babel.def
File: babel.def 2021/01/26 3.53 Babel common definitions
\babel@savecnt=\count185
\U@D=\dimen140
\l@babelnohyphens=\language86
 (/usr/share/texlive/texmf-dist/tex/generic/babel/txtbabel.def)
\bbl@readstream=\read2
)
\bbl@dirlevel=\count186
 (/usr/share/texlive/texmf-dist/tex/generic/babel-english/english.ldf
Language: english 2017/06/06 v3.3r English support from the babel system
Package babel Info: \l@canadian = using hyphenrules for english
(babel)             (\language0) on input line 102.
Package babel Info: \l@australian = using hyphenrules for ukenglish
(babel)             (\language40) on input line 105.
Package babel Info: \l@newzealand = using hyphenrules for ukenglish
(babel)             (\language40) on input line 108.
)) (/home/vetle/Documents/emner/FYS-STK4155/FYS-STK4155/project2/tex/NotesTeX.sty
Package: NotesTeX 2017/03/21 r1
 (/usr/share/texlive/texmf-dist/tex/latex/marginnote/marginnote.sty
Package: marginnote 2018/08/09 v1.4b non floating margin notes for LaTeX
\c@mn@abspage=\count187
) (/usr/share/texlive/texmf-dist/tex/latex/sidenotes/sidenotes.sty (/usr/share/texlive/texmf-dist/tex/latex/l3packages/l3keys2e/l3keys2e.sty (/usr/share/texlive/texmf-dist/tex/latex/l3kernel/expl3.sty
Package: expl3 2021-01-09 L3 programming layer (loader) 
 (/usr/share/texlive/texmf-dist/tex/latex/l3backend/l3backend-pdftex.def
File: l3backend-pdftex.def 2020-01-29 L3 backend support: PDF output (pdfTeX)
\l__color_backend_stack_int=\count188
\l__pdf_internal_box=\box47
))
Package: l3keys2e 2020-10-27 LaTeX2e option processing using LaTeX3 keys
)
Package: sidenotes 2016/04/21 v1.00 rich text in the margin for LaTeX
 (/usr/share/texlive/texmf-dist/tex/latex/caption/caption.sty
Package: caption 2020/10/26 v3.5g Customizing captions (AR)
 (/usr/share/texlive/texmf-dist/tex/latex/caption/caption3.sty
Package: caption3 2020/10/21 v2.2e caption3 kernel (AR)
 (/usr/share/texlive/texmf-dist/tex/latex/graphics/keyval.sty
Package: keyval 2014/10/28 v1.15 key=value parser (DPC)
\KV@toks@=\toks15
)
\captionmargin=\dimen141
\captionmargin@=\dimen142
\captionwidth=\dimen143
\caption@tempdima=\dimen144
\caption@indent=\dimen145
\caption@parindent=\dimen146
\caption@hangindent=\dimen147
Package caption Info: Standard document class detected.
)
\c@caption@flags=\count189
\c@continuedfloat=\count190
) (/usr/share/texlive/texmf-dist/tex/latex/l3packages/xparse/xparse.sty
Package: xparse 2020-10-27 L3 Experimental document command parser
 (/usr/share/texlive/texmf-dist/tex/latex/l3packages/xparse/xparse-generic.tex)) (/usr/share/texlive/texmf-dist/tex/latex/changepage/changepage.sty
Package: changepage 2009/10/20 v1.0c check page and change page layout
\c@cp@cntr=\count191
\cp@tempcnt=\count192
)
\c@sidenote=\count193
\@sidenotes@marginfigurebox=\box48
\@sidenotes@margintablebox=\box49
) (/usr/share/texlive/texmf-dist/tex/latex/fancyhdr/fancyhdr.sty
Package: fancyhdr 2021/01/04 v4.0 Extensive control of page headers and footers
\f@nch@headwidth=\skip49
\f@nch@O@elh=\skip50
\f@nch@O@erh=\skip51
\f@nch@O@olh=\skip52
\f@nch@O@orh=\skip53
\f@nch@O@elf=\skip54
\f@nch@O@erf=\skip55
\f@nch@O@olf=\skip56
\f@nch@O@orf=\skip57
) (/usr/share/texlive/texmf-dist/tex/latex/titlesec/titlesec.sty
Package: titlesec 2019/10/16 v2.13 Sectioning titles
\ttl@box=\box50
\beforetitleunit=\skip58
\aftertitleunit=\skip59
\ttl@plus=\dimen148
\ttl@minus=\dimen149
\ttl@toksa=\toks16
\titlewidth=\dimen150
\titlewidthlast=\dimen151
\titlewidthfirst=\dimen152
) (/usr/share/texlive/texmf-dist/tex/latex/geometry/geometry.sty
Package: geometry 2020/01/02 v5.9 Page Geometry
 (/usr/share/texlive/texmf-dist/tex/generic/iftex/ifvtex.sty
Package: ifvtex 2019/10/25 v1.7 ifvtex legacy package. Use iftex instead.
 (/usr/share/texlive/texmf-dist/tex/generic/iftex/iftex.sty
Package: iftex 2020/03/06 v1.0d TeX engine tests
))
\Gm@cnth=\count194
\Gm@cntv=\count195
\c@Gm@tempcnt=\count196
\Gm@bindingoffset=\dimen153
\Gm@wd@mp=\dimen154
\Gm@odd@mp=\dimen155
\Gm@even@mp=\dimen156
\Gm@layoutwidth=\dimen157
\Gm@layoutheight=\dimen158
\Gm@layouthoffset=\dimen159
\Gm@layoutvoffset=\dimen160
\Gm@dimlist=\toks17
) (/usr/share/texlive/texmf-dist/tex/latex/xcolor/xcolor.sty
Package: xcolor 2016/05/11 v2.12 LaTeX color extensions (UK)
 (/usr/share/texlive/texmf-dist/tex/latex/graphics-cfg/color.cfg
File: color.cfg 2016/01/02 v1.6 sample color configuration
)
Package xcolor Info: Driver file: pdftex.def on input line 225.
 (/usr/share/texlive/texmf-dist/tex/latex/graphics-def/pdftex.def
File: pdftex.def 2020/10/05 v1.2a Graphics/color driver for pdftex
)
Package xcolor Info: Model `cmy' substituted by `cmy0' on input line 1348.
Package xcolor Info: Model `hsb' substituted by `rgb' on input line 1352.
Package xcolor Info: Model `RGB' extended on input line 1364.
Package xcolor Info: Model `HTML' substituted by `rgb' on input line 1366.
Package xcolor Info: Model `Hsb' substituted by `hsb' on input line 1367.
Package xcolor Info: Model `tHsb' substituted by `hsb' on input line 1368.
Package xcolor Info: Model `HSB' substituted by `hsb' on input line 1369.
Package xcolor Info: Model `Gray' substituted by `gray' on input line 1370.
Package xcolor Info: Model `wave' substituted by `hsb' on input line 1371.
 (/usr/share/texlive/texmf-dist/tex/latex/graphics/dvipsnam.def
File: dvipsnam.def 2016/06/17 v3.0m Driver-dependent file (DPC,SPQR)
)) (/usr/share/texlive/texmf-dist/tex/latex/tcolorbox/tcolorbox.sty
Package: tcolorbox 2020/10/09 version 4.42 text color boxes
 (/usr/share/texlive/texmf-dist/tex/latex/pgf/basiclayer/pgf.sty (/usr/share/texlive/texmf-dist/tex/latex/pgf/utilities/pgfrcs.sty (/usr/share/texlive/texmf-dist/tex/generic/pgf/utilities/pgfutil-common.tex
\pgfutil@everybye=\toks18
\pgfutil@tempdima=\dimen161
\pgfutil@tempdimb=\dimen162
 (/usr/share/texlive/texmf-dist/tex/generic/pgf/utilities/pgfutil-common-lists.tex)) (/usr/share/texlive/texmf-dist/tex/generic/pgf/utilities/pgfutil-latex.def
\pgfutil@abb=\box51
) (/usr/share/texlive/texmf-dist/tex/generic/pgf/utilities/pgfrcs.code.tex (/usr/share/texlive/texmf-dist/tex/generic/pgf/pgf.revision.tex)
Package: pgfrcs 2020/12/27 v3.1.8b (3.1.8b)
))
Package: pgf 2020/12/27 v3.1.8b (3.1.8b)
 (/usr/share/texlive/texmf-dist/tex/latex/pgf/basiclayer/pgfcore.sty (/usr/share/texlive/texmf-dist/tex/latex/graphics/graphicx.sty
Package: graphicx 2020/09/09 v1.2b Enhanced LaTeX Graphics (DPC,SPQR)
 (/usr/share/texlive/texmf-dist/tex/latex/graphics/graphics.sty
Package: graphics 2020/08/30 v1.4c Standard LaTeX Graphics (DPC,SPQR)
 (/usr/share/texlive/texmf-dist/tex/latex/graphics/trig.sty
Package: trig 2016/01/03 v1.10 sin cos tan (DPC)
) (/usr/share/texlive/texmf-dist/tex/latex/graphics-cfg/graphics.cfg
File: graphics.cfg 2016/06/04 v1.11 sample graphics configuration
)
Package graphics Info: Driver file: pdftex.def on input line 105.
)
\Gin@req@height=\dimen163
\Gin@req@width=\dimen164
) (/usr/share/texlive/texmf-dist/tex/latex/pgf/systemlayer/pgfsys.sty (/usr/share/texlive/texmf-dist/tex/generic/pgf/systemlayer/pgfsys.code.tex
Package: pgfsys 2020/12/27 v3.1.8b (3.1.8b)
 (/usr/share/texlive/texmf-dist/tex/generic/pgf/utilities/pgfkeys.code.tex
\pgfkeys@pathtoks=\toks19
\pgfkeys@temptoks=\toks20
 (/usr/share/texlive/texmf-dist/tex/generic/pgf/utilities/pgfkeysfiltered.code.tex
\pgfkeys@tmptoks=\toks21
))
\pgf@x=\dimen165
\pgf@y=\dimen166
\pgf@xa=\dimen167
\pgf@ya=\dimen168
\pgf@xb=\dimen169
\pgf@yb=\dimen170
\pgf@xc=\dimen171
\pgf@yc=\dimen172
\pgf@xd=\dimen173
\pgf@yd=\dimen174
\w@pgf@writea=\write3
\r@pgf@reada=\read3
\c@pgf@counta=\count197
\c@pgf@countb=\count198
\c@pgf@countc=\count199
\c@pgf@countd=\count266
\t@pgf@toka=\toks22
\t@pgf@tokb=\toks23
\t@pgf@tokc=\toks24
\pgf@sys@id@count=\count267
 (/usr/share/texlive/texmf-dist/tex/generic/pgf/systemlayer/pgf.cfg
File: pgf.cfg 2020/12/27 v3.1.8b (3.1.8b)
)
Driver file for pgf: pgfsys-pdftex.def
 (/usr/share/texlive/texmf-dist/tex/generic/pgf/systemlayer/pgfsys-pdftex.def
File: pgfsys-pdftex.def 2020/12/27 v3.1.8b (3.1.8b)
 (/usr/share/texlive/texmf-dist/tex/generic/pgf/systemlayer/pgfsys-common-pdf.def
File: pgfsys-common-pdf.def 2020/12/27 v3.1.8b (3.1.8b)
))) (/usr/share/texlive/texmf-dist/tex/generic/pgf/systemlayer/pgfsyssoftpath.code.tex
File: pgfsyssoftpath.code.tex 2020/12/27 v3.1.8b (3.1.8b)
\pgfsyssoftpath@smallbuffer@items=\count268
\pgfsyssoftpath@bigbuffer@items=\count269
) (/usr/share/texlive/texmf-dist/tex/generic/pgf/systemlayer/pgfsysprotocol.code.tex
File: pgfsysprotocol.code.tex 2020/12/27 v3.1.8b (3.1.8b)
)) (/usr/share/texlive/texmf-dist/tex/generic/pgf/basiclayer/pgfcore.code.tex
Package: pgfcore 2020/12/27 v3.1.8b (3.1.8b)
 (/usr/share/texlive/texmf-dist/tex/generic/pgf/math/pgfmath.code.tex (/usr/share/texlive/texmf-dist/tex/generic/pgf/math/pgfmathcalc.code.tex (/usr/share/texlive/texmf-dist/tex/generic/pgf/math/pgfmathutil.code.tex) (/usr/share/texlive/texmf-dist/tex/generic/pgf/math/pgfmathparser.code.tex
\pgfmath@dimen=\dimen175
\pgfmath@count=\count270
\pgfmath@box=\box52
\pgfmath@toks=\toks25
\pgfmath@stack@operand=\toks26
\pgfmath@stack@operation=\toks27
) (/usr/share/texlive/texmf-dist/tex/generic/pgf/math/pgfmathfunctions.code.tex (/usr/share/texlive/texmf-dist/tex/generic/pgf/math/pgfmathfunctions.basic.code.tex) (/usr/share/texlive/texmf-dist/tex/generic/pgf/math/pgfmathfunctions.trigonometric.code.tex) (/usr/share/texlive/texmf-dist/tex/generic/pgf/math/pgfmathfunctions.random.code.tex) (/usr/share/texlive/texmf-dist/tex/generic/pgf/math/pgfmathfunctions.comparison.code.tex) (/usr/share/texlive/texmf-dist/tex/generic/pgf/math/pgfmathfunctions.base.code.tex) (/usr/share/texlive/texmf-dist/tex/generic/pgf/math/pgfmathfunctions.round.code.tex) (/usr/share/texlive/texmf-dist/tex/generic/pgf/math/pgfmathfunctions.misc.code.tex) (/usr/share/texlive/texmf-dist/tex/generic/pgf/math/pgfmathfunctions.integerarithmetics.code.tex))) (/usr/share/texlive/texmf-dist/tex/generic/pgf/math/pgfmathfloat.code.tex
\c@pgfmathroundto@lastzeros=\count271
)) (/usr/share/texlive/texmf-dist/tex/generic/pgf/math/pgfint.code.tex) (/usr/share/texlive/texmf-dist/tex/generic/pgf/basiclayer/pgfcorepoints.code.tex
File: pgfcorepoints.code.tex 2020/12/27 v3.1.8b (3.1.8b)
\pgf@picminx=\dimen176
\pgf@picmaxx=\dimen177
\pgf@picminy=\dimen178
\pgf@picmaxy=\dimen179
\pgf@pathminx=\dimen180
\pgf@pathmaxx=\dimen181
\pgf@pathminy=\dimen182
\pgf@pathmaxy=\dimen183
\pgf@xx=\dimen184
\pgf@xy=\dimen185
\pgf@yx=\dimen186
\pgf@yy=\dimen187
\pgf@zx=\dimen188
\pgf@zy=\dimen189
) (/usr/share/texlive/texmf-dist/tex/generic/pgf/basiclayer/pgfcorepathconstruct.code.tex
File: pgfcorepathconstruct.code.tex 2020/12/27 v3.1.8b (3.1.8b)
\pgf@path@lastx=\dimen190
\pgf@path@lasty=\dimen191
) (/usr/share/texlive/texmf-dist/tex/generic/pgf/basiclayer/pgfcorepathusage.code.tex
File: pgfcorepathusage.code.tex 2020/12/27 v3.1.8b (3.1.8b)
\pgf@shorten@end@additional=\dimen192
\pgf@shorten@start@additional=\dimen193
) (/usr/share/texlive/texmf-dist/tex/generic/pgf/basiclayer/pgfcorescopes.code.tex
File: pgfcorescopes.code.tex 2020/12/27 v3.1.8b (3.1.8b)
\pgfpic=\box53
\pgf@hbox=\box54
\pgf@layerbox@main=\box55
\pgf@picture@serial@count=\count272
) (/usr/share/texlive/texmf-dist/tex/generic/pgf/basiclayer/pgfcoregraphicstate.code.tex
File: pgfcoregraphicstate.code.tex 2020/12/27 v3.1.8b (3.1.8b)
\pgflinewidth=\dimen194
) (/usr/share/texlive/texmf-dist/tex/generic/pgf/basiclayer/pgfcoretransformations.code.tex
File: pgfcoretransformations.code.tex 2020/12/27 v3.1.8b (3.1.8b)
\pgf@pt@x=\dimen195
\pgf@pt@y=\dimen196
\pgf@pt@temp=\dimen197
) (/usr/share/texlive/texmf-dist/tex/generic/pgf/basiclayer/pgfcorequick.code.tex
File: pgfcorequick.code.tex 2020/12/27 v3.1.8b (3.1.8b)
) (/usr/share/texlive/texmf-dist/tex/generic/pgf/basiclayer/pgfcoreobjects.code.tex
File: pgfcoreobjects.code.tex 2020/12/27 v3.1.8b (3.1.8b)
) (/usr/share/texlive/texmf-dist/tex/generic/pgf/basiclayer/pgfcorepathprocessing.code.tex
File: pgfcorepathprocessing.code.tex 2020/12/27 v3.1.8b (3.1.8b)
) (/usr/share/texlive/texmf-dist/tex/generic/pgf/basiclayer/pgfcorearrows.code.tex
File: pgfcorearrows.code.tex 2020/12/27 v3.1.8b (3.1.8b)
\pgfarrowsep=\dimen198
) (/usr/share/texlive/texmf-dist/tex/generic/pgf/basiclayer/pgfcoreshade.code.tex
File: pgfcoreshade.code.tex 2020/12/27 v3.1.8b (3.1.8b)
\pgf@max=\dimen199
\pgf@sys@shading@range@num=\count273
\pgf@shadingcount=\count274
) (/usr/share/texlive/texmf-dist/tex/generic/pgf/basiclayer/pgfcoreimage.code.tex
File: pgfcoreimage.code.tex 2020/12/27 v3.1.8b (3.1.8b)
 (/usr/share/texlive/texmf-dist/tex/generic/pgf/basiclayer/pgfcoreexternal.code.tex
File: pgfcoreexternal.code.tex 2020/12/27 v3.1.8b (3.1.8b)
\pgfexternal@startupbox=\box56
)) (/usr/share/texlive/texmf-dist/tex/generic/pgf/basiclayer/pgfcorelayers.code.tex
File: pgfcorelayers.code.tex 2020/12/27 v3.1.8b (3.1.8b)
) (/usr/share/texlive/texmf-dist/tex/generic/pgf/basiclayer/pgfcoretransparency.code.tex
File: pgfcoretransparency.code.tex 2020/12/27 v3.1.8b (3.1.8b)
) (/usr/share/texlive/texmf-dist/tex/generic/pgf/basiclayer/pgfcorepatterns.code.tex
File: pgfcorepatterns.code.tex 2020/12/27 v3.1.8b (3.1.8b)
) (/usr/share/texlive/texmf-dist/tex/generic/pgf/basiclayer/pgfcorerdf.code.tex
File: pgfcorerdf.code.tex 2020/12/27 v3.1.8b (3.1.8b)
))) (/usr/share/texlive/texmf-dist/tex/generic/pgf/modules/pgfmoduleshapes.code.tex
File: pgfmoduleshapes.code.tex 2020/12/27 v3.1.8b (3.1.8b)
\pgfnodeparttextbox=\box57
) (/usr/share/texlive/texmf-dist/tex/generic/pgf/modules/pgfmoduleplot.code.tex
File: pgfmoduleplot.code.tex 2020/12/27 v3.1.8b (3.1.8b)
) (/usr/share/texlive/texmf-dist/tex/latex/pgf/compatibility/pgfcomp-version-0-65.sty
Package: pgfcomp-version-0-65 2020/12/27 v3.1.8b (3.1.8b)
\pgf@nodesepstart=\dimen256
\pgf@nodesepend=\dimen257
) (/usr/share/texlive/texmf-dist/tex/latex/pgf/compatibility/pgfcomp-version-1-18.sty
Package: pgfcomp-version-1-18 2020/12/27 v3.1.8b (3.1.8b)
)) (/usr/share/texlive/texmf-dist/tex/latex/tools/verbatim.sty
Package: verbatim 2020-07-07 v1.5u LaTeX2e package for verbatim enhancements
\every@verbatim=\toks28
\verbatim@line=\toks29
\verbatim@in@stream=\read4
) (/usr/share/texlive/texmf-dist/tex/latex/environ/environ.sty
Package: environ 2014/05/04 v0.3 A new way to define environments
 (/usr/share/texlive/texmf-dist/tex/latex/trimspaces/trimspaces.sty
Package: trimspaces 2009/09/17 v1.1 Trim spaces around a token list
)
\@envbody=\toks30
) (/usr/share/texlive/texmf-dist/tex/latex/etoolbox/etoolbox.sty
Package: etoolbox 2020/10/05 v2.5k e-TeX tools for LaTeX (JAW)
\etb@tempcnta=\count275
)
\tcb@titlebox=\box58
\tcb@upperbox=\box59
\tcb@lowerbox=\box60
\tcb@phantombox=\box61
\c@tcbbreakpart=\count276
\c@tcblayer=\count277
\c@tcolorbox@number=\count278
\tcb@temp=\box62
\tcb@temp=\box63
\tcb@temp=\box64
\tcb@temp=\box65
\tcb@out=\write4
\tcb@record@out=\write5
 (/usr/share/texlive/texmf-dist/tex/latex/tcolorbox/tcbraster.code.tex
Library (tcolorbox): 'tcbraster.code.tex' version '4.42'
\c@tcbrastercolumn=\count279
\c@tcbrasterrow=\count280
\c@tcbraster=\count281
) (/usr/share/texlive/texmf-dist/tex/latex/tcolorbox/tcbskins.code.tex
Library (tcolorbox): 'tcbskins.code.tex' version '4.42'
(/usr/share/texlive/texmf-dist/tex/latex/pgf/frontendlayer/tikz.sty (/usr/share/texlive/texmf-dist/tex/latex/pgf/utilities/pgffor.sty (/usr/share/texlive/texmf-dist/tex/latex/pgf/utilities/pgfkeys.sty (/usr/share/texlive/texmf-dist/tex/generic/pgf/utilities/pgfkeys.code.tex)) (/usr/share/texlive/texmf-dist/tex/latex/pgf/math/pgfmath.sty (/usr/share/texlive/texmf-dist/tex/generic/pgf/math/pgfmath.code.tex)) (/usr/share/texlive/texmf-dist/tex/generic/pgf/utilities/pgffor.code.tex
Package: pgffor 2020/12/27 v3.1.8b (3.1.8b)
 (/usr/share/texlive/texmf-dist/tex/generic/pgf/math/pgfmath.code.tex)
\pgffor@iter=\dimen258
\pgffor@skip=\dimen259
\pgffor@stack=\toks31
\pgffor@toks=\toks32
)) (/usr/share/texlive/texmf-dist/tex/generic/pgf/frontendlayer/tikz/tikz.code.tex
Package: tikz 2020/12/27 v3.1.8b (3.1.8b)
 (/usr/share/texlive/texmf-dist/tex/generic/pgf/libraries/pgflibraryplothandlers.code.tex
File: pgflibraryplothandlers.code.tex 2020/12/27 v3.1.8b (3.1.8b)
\pgf@plot@mark@count=\count282
\pgfplotmarksize=\dimen260
)
\tikz@lastx=\dimen261
\tikz@lasty=\dimen262
\tikz@lastxsaved=\dimen263
\tikz@lastysaved=\dimen264
\tikz@lastmovetox=\dimen265
\tikz@lastmovetoy=\dimen266
\tikzleveldistance=\dimen267
\tikzsiblingdistance=\dimen268
\tikz@figbox=\box66
\tikz@figbox@bg=\box67
\tikz@tempbox=\box68
\tikz@tempbox@bg=\box69
\tikztreelevel=\count283
\tikznumberofchildren=\count284
\tikznumberofcurrentchild=\count285
\tikz@fig@count=\count286
 (/usr/share/texlive/texmf-dist/tex/generic/pgf/modules/pgfmodulematrix.code.tex
File: pgfmodulematrix.code.tex 2020/12/27 v3.1.8b (3.1.8b)
\pgfmatrixcurrentrow=\count287
\pgfmatrixcurrentcolumn=\count288
\pgf@matrix@numberofcolumns=\count289
)
\tikz@expandcount=\count290
 (/usr/share/texlive/texmf-dist/tex/generic/pgf/frontendlayer/tikz/libraries/tikzlibrarytopaths.code.tex
File: tikzlibrarytopaths.code.tex 2020/12/27 v3.1.8b (3.1.8b)
)))
\tcb@waterbox=\box70
 (/usr/share/texlive/texmf-dist/tex/latex/tcolorbox/tcbskinsjigsaw.code.tex
Library (tcolorbox): 'tcbskinsjigsaw.code.tex' version '4.42'
)) (/usr/share/texlive/texmf-dist/tex/latex/tcolorbox/tcbbreakable.code.tex
Library (tcolorbox): 'tcbbreakable.code.tex' version '4.42'
(/usr/share/texlive/texmf-dist/tex/generic/oberdiek/pdfcol.sty
Package: pdfcol 2019/12/29 v1.6 Handle new color stacks for pdfTeX (HO)
 (/usr/share/texlive/texmf-dist/tex/generic/ltxcmds/ltxcmds.sty
Package: ltxcmds 2020-05-10 v1.25 LaTeX kernel commands for general use (HO)
) (/usr/share/texlive/texmf-dist/tex/generic/infwarerr/infwarerr.sty
Package: infwarerr 2019/12/03 v1.5 Providing info/warning/error messages (HO)
))
Package pdfcol Info: New color stack `tcb@breakable' = 1 on input line 23.
\tcb@testbox=\box71
\tcb@totalupperbox=\box72
\tcb@totallowerbox=\box73
) (/usr/share/texlive/texmf-dist/tex/latex/tcolorbox/tcbhooks.code.tex
Library (tcolorbox): 'tcbhooks.code.tex' version '4.42'
) (/usr/share/texlive/texmf-dist/tex/latex/tcolorbox/tcbtheorems.code.tex
Library (tcolorbox): 'tcbtheorems.code.tex' version '4.42'
(/usr/share/texlive/texmf-dist/tex/latex/amsmath/amsmath.sty
Package: amsmath 2020/09/23 v2.17i AMS math features
\@mathmargin=\skip60

For additional information on amsmath, use the `?' option.
(/usr/share/texlive/texmf-dist/tex/latex/amsmath/amstext.sty
Package: amstext 2000/06/29 v2.01 AMS text
 (/usr/share/texlive/texmf-dist/tex/latex/amsmath/amsgen.sty
File: amsgen.sty 1999/11/30 v2.0 generic functions
\@emptytoks=\toks33
\ex@=\dimen269
)) (/usr/share/texlive/texmf-dist/tex/latex/amsmath/amsbsy.sty
Package: amsbsy 1999/11/29 v1.2d Bold Symbols
\pmbraise@=\dimen270
) (/usr/share/texlive/texmf-dist/tex/latex/amsmath/amsopn.sty
Package: amsopn 2016/03/08 v2.02 operator names
)
\inf@bad=\count291
LaTeX Info: Redefining \frac on input line 234.
\uproot@=\count292
\leftroot@=\count293
LaTeX Info: Redefining \overline on input line 399.
\classnum@=\count294
\DOTSCASE@=\count295
LaTeX Info: Redefining \ldots on input line 496.
LaTeX Info: Redefining \dots on input line 499.
LaTeX Info: Redefining \cdots on input line 620.
\Mathstrutbox@=\box74
\strutbox@=\box75
\big@size=\dimen271
LaTeX Font Info:    Redeclaring font encoding OML on input line 743.
LaTeX Font Info:    Redeclaring font encoding OMS on input line 744.
\macc@depth=\count296
\c@MaxMatrixCols=\count297
\dotsspace@=\muskip16
\c@parentequation=\count298
\dspbrk@lvl=\count299
\tag@help=\toks34
\row@=\count300
\column@=\count301
\maxfields@=\count302
\andhelp@=\toks35
\eqnshift@=\dimen272
\alignsep@=\dimen273
\tagshift@=\dimen274
\tagwidth@=\dimen275
\totwidth@=\dimen276
\lineht@=\dimen277
\@envbody=\toks36
\multlinegap=\skip61
\multlinetaggap=\skip62
\mathdisplay@stack=\toks37
LaTeX Info: Redefining \[ on input line 2923.
LaTeX Info: Redefining \] on input line 2924.
)) (/usr/share/texlive/texmf-dist/tex/latex/tcolorbox/tcbfitting.code.tex
Library (tcolorbox): 'tcbfitting.code.tex' version '4.42'
\tcbfitdim=\dimen278
\tcb@lowerfitdim=\dimen279
\tcb@upperfitdim=\dimen280
\tcb@cur@hbadness=\count303
) (/usr/share/texlive/texmf-dist/tex/latex/tcolorbox/tcbxparse.code.tex
Library (tcolorbox): 'tcbxparse.code.tex' version '4.42'
)) (/usr/share/texlive/texmf-dist/tex/latex/base/fontenc.sty
Package: fontenc 2020/08/10 v2.0s Standard LaTeX package
) (/usr/share/texmf/tex/latex/lm/lmodern.sty
Package: lmodern 2009/10/30 v1.6 Latin Modern Fonts
LaTeX Font Info:    Overwriting symbol font `operators' in version `normal'
(Font)                  OT1/cmr/m/n --> OT1/lmr/m/n on input line 22.
LaTeX Font Info:    Overwriting symbol font `letters' in version `normal'
(Font)                  OML/cmm/m/it --> OML/lmm/m/it on input line 23.
LaTeX Font Info:    Overwriting symbol font `symbols' in version `normal'
(Font)                  OMS/cmsy/m/n --> OMS/lmsy/m/n on input line 24.
LaTeX Font Info:    Overwriting symbol font `largesymbols' in version `normal'
(Font)                  OMX/cmex/m/n --> OMX/lmex/m/n on input line 25.
LaTeX Font Info:    Overwriting symbol font `operators' in version `bold'
(Font)                  OT1/cmr/bx/n --> OT1/lmr/bx/n on input line 26.
LaTeX Font Info:    Overwriting symbol font `letters' in version `bold'
(Font)                  OML/cmm/b/it --> OML/lmm/b/it on input line 27.
LaTeX Font Info:    Overwriting symbol font `symbols' in version `bold'
(Font)                  OMS/cmsy/b/n --> OMS/lmsy/b/n on input line 28.
LaTeX Font Info:    Overwriting symbol font `largesymbols' in version `bold'
(Font)                  OMX/cmex/m/n --> OMX/lmex/m/n on input line 29.
LaTeX Font Info:    Overwriting math alphabet `\mathbf' in version `normal'
(Font)                  OT1/cmr/bx/n --> OT1/lmr/bx/n on input line 31.
LaTeX Font Info:    Overwriting math alphabet `\mathsf' in version `normal'
(Font)                  OT1/cmss/m/n --> OT1/lmss/m/n on input line 32.
LaTeX Font Info:    Overwriting math alphabet `\mathit' in version `normal'
(Font)                  OT1/cmr/m/it --> OT1/lmr/m/it on input line 33.
LaTeX Font Info:    Overwriting math alphabet `\mathtt' in version `normal'
(Font)                  OT1/cmtt/m/n --> OT1/lmtt/m/n on input line 34.
LaTeX Font Info:    Overwriting math alphabet `\mathbf' in version `bold'
(Font)                  OT1/cmr/bx/n --> OT1/lmr/bx/n on input line 35.
LaTeX Font Info:    Overwriting math alphabet `\mathsf' in version `bold'
(Font)                  OT1/cmss/bx/n --> OT1/lmss/bx/n on input line 36.
LaTeX Font Info:    Overwriting math alphabet `\mathit' in version `bold'
(Font)                  OT1/cmr/bx/it --> OT1/lmr/bx/it on input line 37.
LaTeX Font Info:    Overwriting math alphabet `\mathtt' in version `bold'
(Font)                  OT1/cmtt/m/n --> OT1/lmtt/m/n on input line 38.
) (/usr/share/texlive/texmf-dist/tex/latex/jknapltx/mathrsfs.sty
Package: mathrsfs 1996/01/01 Math RSFS package v1.0 (jk)
\symrsfs=\mathgroup4
) (/usr/share/texlive/texmf-dist/tex/latex/enumitem/enumitem.sty
Package: enumitem 2019/06/20 v3.9 Customized lists
\labelindent=\skip63
\enit@outerparindent=\dimen281
\enit@toks=\toks38
\enit@inbox=\box76
\enit@count@id=\count304
\enitdp@description=\count305
) (/usr/share/texlive/texmf-dist/tex/latex/mathtools/mathtools.sty
Package: mathtools 2020/03/24 v1.24 mathematical typesetting tools
 (/usr/share/texlive/texmf-dist/tex/latex/tools/calc.sty
Package: calc 2017/05/25 v4.3 Infix arithmetic (KKT,FJ)
\calc@Acount=\count306
\calc@Bcount=\count307
\calc@Adimen=\dimen282
\calc@Bdimen=\dimen283
\calc@Askip=\skip64
\calc@Bskip=\skip65
LaTeX Info: Redefining \setlength on input line 80.
LaTeX Info: Redefining \addtolength on input line 81.
\calc@Ccount=\count308
\calc@Cskip=\skip66
) (/usr/share/texlive/texmf-dist/tex/latex/mathtools/mhsetup.sty
Package: mhsetup 2017/03/31 v1.3 programming setup (MH)
)
LaTeX Info: Thecontrolsequence`\('isalreadyrobust on input line 130.
LaTeX Info: Thecontrolsequence`\)'isalreadyrobust on input line 130.
LaTeX Info: Thecontrolsequence`\['isalreadyrobust on input line 130.
LaTeX Info: Thecontrolsequence`\]'isalreadyrobust on input line 130.
\g_MT_multlinerow_int=\count309
\l_MT_multwidth_dim=\dimen284
\origjot=\skip67
\l_MT_shortvdotswithinadjustabove_dim=\dimen285
\l_MT_shortvdotswithinadjustbelow_dim=\dimen286
\l_MT_above_intertext_sep=\dimen287
\l_MT_below_intertext_sep=\dimen288
\l_MT_above_shortintertext_sep=\dimen289
\l_MT_below_shortintertext_sep=\dimen290
\xmathstrut@box=\box77
\xmathstrut@dim=\dimen291
) (/usr/share/texlive/texmf-dist/tex/latex/amsfonts/amssymb.sty
Package: amssymb 2013/01/14 v3.01 AMS font symbols
 (/usr/share/texlive/texmf-dist/tex/latex/amsfonts/amsfonts.sty
Package: amsfonts 2013/01/14 v3.01 Basic AMSFonts support
\symAMSa=\mathgroup5
\symAMSb=\mathgroup6
LaTeX Font Info:    Redeclaring math symbol \hbar on input line 98.
LaTeX Font Info:    Overwriting math alphabet `\mathfrak' in version `bold'
(Font)                  U/euf/m/n --> U/euf/b/n on input line 106.
)) (/usr/share/texlive/texmf-dist/tex/latex/amscls/amsthm.sty
Package: amsthm 2020/05/29 v2.20.6
\thm@style=\toks39
\thm@bodyfont=\toks40
\thm@headfont=\toks41
\thm@notefont=\toks42
\thm@headpunct=\toks43
\thm@preskip=\skip68
\thm@postskip=\skip69
\thm@headsep=\skip70
\dth@everypar=\toks44
) (/usr/share/texlive/texmf-dist/tex/latex/tools/bm.sty
Package: bm 2019/07/24 v1.2d Bold Symbol Support (DPC/FMi)
\symboldoperators=\mathgroup7
\symboldletters=\mathgroup8
\symboldsymbols=\mathgroup9
LaTeX Font Info:    Redeclaring math alphabet \mathbf on input line 141.
LaTeX Info: Redefining \bm on input line 209.
) (/usr/share/texlive/texmf-dist/tex/latex/tools/array.sty
Package: array 2020/10/01 v2.5c Tabular extension package (FMi)
\col@sep=\dimen292
\ar@mcellbox=\box78
\extrarowheight=\dimen293
\NC@list=\toks45
\extratabsurround=\skip71
\backup@length=\skip72
\ar@cellbox=\box79
) (/usr/share/texlive/texmf-dist/tex/latex/tools/tabularx.sty
Package: tabularx 2020/01/15 v2.11c `tabularx' package (DPC)
\TX@col@width=\dimen294
\TX@old@table=\dimen295
\TX@old@col=\dimen296
\TX@target=\dimen297
\TX@delta=\dimen298
\TX@cols=\count310
\TX@ftn=\toks46
) (/usr/share/texlive/texmf-dist/tex/latex/booktabs/booktabs.sty
Package: booktabs 2020/01/12 v1.61803398 Publication quality tables
\heavyrulewidth=\dimen299
\lightrulewidth=\dimen300
\cmidrulewidth=\dimen301
\belowrulesep=\dimen302
\belowbottomsep=\dimen303
\aboverulesep=\dimen304
\abovetopsep=\dimen305
\cmidrulesep=\dimen306
\cmidrulekern=\dimen307
\defaultaddspace=\dimen308
\@cmidla=\count311
\@cmidlb=\count312
\@aboverulesep=\dimen309
\@belowrulesep=\dimen310
\@thisruleclass=\count313
\@lastruleclass=\count314
\@thisrulewidth=\dimen311
) (/usr/share/texlive/texmf-dist/tex/latex/wrapfig/wrapfig.sty
\wrapoverhang=\dimen312
\WF@size=\dimen313
\c@WF@wrappedlines=\count315
\WF@box=\box80
\WF@everypar=\toks47
Package: wrapfig 2003/01/31  v 3.6
) (/usr/share/texlive/texmf-dist/tex/latex/float/float.sty
Package: float 2001/11/08 v1.3d Float enhancements (AL)
\c@float@type=\count316
\float@exts=\toks48
\float@box=\box81
\@float@everytoks=\toks49
\@floatcapt=\box82
) (/usr/share/texlive/texmf-dist/tex/latex/setspace/setspace.sty
Package: setspace 2011/12/19 v6.7a set line spacing
) (/usr/share/texlive/texmf-dist/tex/latex/tools/multicol.sty
Package: multicol 2019/12/09 v1.8y multicolumn formatting (FMi)
\c@tracingmulticols=\count317
\mult@box=\box83
\multicol@leftmargin=\dimen314
\c@unbalance=\count318
\c@collectmore=\count319
\doublecol@number=\count320
\multicoltolerance=\count321
\multicolpretolerance=\count322
\full@width=\dimen315
\page@free=\dimen316
\premulticols=\dimen317
\postmulticols=\dimen318
\multicolsep=\skip73
\multicolbaselineskip=\skip74
\partial@page=\box84
\last@line=\box85
\maxbalancingoverflow=\dimen319
\mult@rightbox=\box86
\mult@grightbox=\box87
\mult@gfirstbox=\box88
\mult@firstbox=\box89
\@tempa=\box90
\@tempa=\box91
\@tempa=\box92
\@tempa=\box93
\@tempa=\box94
\@tempa=\box95
\@tempa=\box96
\@tempa=\box97
\@tempa=\box98
\@tempa=\box99
\@tempa=\box100
\@tempa=\box101
\@tempa=\box102
\@tempa=\box103
\@tempa=\box104
\@tempa=\box105
\@tempa=\box106
\@tempa=\box107
\@tempa=\box108
\@tempa=\box109
\@tempa=\box110
\@tempa=\box111
\@tempa=\box112
\@tempa=\box113
\@tempa=\box114
\@tempa=\box115
\@tempa=\box116
\@tempa=\box117
\@tempa=\box118
\@tempa=\box119
\@tempa=\box120
\@tempa=\box121
\@tempa=\box122
\@tempa=\box123
\@tempa=\box124
\@tempa=\box125
\@tempa=\box126
\c@minrows=\count323
\c@columnbadness=\count324
\c@finalcolumnbadness=\count325
\last@try=\dimen320
\multicolovershoot=\dimen321
\multicolundershoot=\dimen322
\mult@nat@firstbox=\box127
\colbreak@box=\box128
\mc@col@check@num=\count326
) (/usr/share/texlive/texmf-dist/tex/latex/physics/physics.sty
Package: physics 
) (/usr/share/texlive/texmf-dist/tex/latex/cancel/cancel.sty
Package: cancel 2013/04/12 v2.2 Cancel math terms
) (/usr/share/texlive/texmf-dist/tex/latex/tools/indentfirst.sty
Package: indentfirst 1995/11/23 v1.03 Indent first paragraph (DPC)
)
\myoddoffset=\skip75
\c@definition=\count327
\c@theorem=\count328
 (/usr/share/texlive/texmf-dist/tex/latex/natbib/natbib.sty
Package: natbib 2010/09/13 8.31b (PWD, AO)
\bibhang=\skip76
\bibsep=\skip77
LaTeX Info: Redefining \cite on input line 694.
\c@NAT@ctr=\count329
) (/usr/share/texlive/texmf-dist/tex/latex/hyperref/hyperref.sty
Package: hyperref 2020-05-15 v7.00e Hypertext links for LaTeX
 (/usr/share/texlive/texmf-dist/tex/generic/pdftexcmds/pdftexcmds.sty
Package: pdftexcmds 2020-06-27 v0.33 Utility functions of pdfTeX for LuaTeX (HO)
Package pdftexcmds Info: \pdf@primitive is available.
Package pdftexcmds Info: \pdf@ifprimitive is available.
Package pdftexcmds Info: \pdfdraftmode found.
) (/usr/share/texlive/texmf-dist/tex/generic/kvsetkeys/kvsetkeys.sty
Package: kvsetkeys 2019/12/15 v1.18 Key value parser (HO)
) (/usr/share/texlive/texmf-dist/tex/generic/kvdefinekeys/kvdefinekeys.sty
Package: kvdefinekeys 2019-12-19 v1.6 Define keys (HO)
) (/usr/share/texlive/texmf-dist/tex/generic/pdfescape/pdfescape.sty
Package: pdfescape 2019/12/09 v1.15 Implements pdfTeX's escape features (HO)
) (/usr/share/texlive/texmf-dist/tex/latex/hycolor/hycolor.sty
Package: hycolor 2020-01-27 v1.10 Color options for hyperref/bookmark (HO)
) (/usr/share/texlive/texmf-dist/tex/latex/letltxmacro/letltxmacro.sty
Package: letltxmacro 2019/12/03 v1.6 Let assignment for LaTeX macros (HO)
) (/usr/share/texlive/texmf-dist/tex/latex/auxhook/auxhook.sty
Package: auxhook 2019-12-17 v1.6 Hooks for auxiliary files (HO)
) (/usr/share/texlive/texmf-dist/tex/latex/kvoptions/kvoptions.sty
Package: kvoptions 2020-10-07 v3.14 Key value format for package options (HO)
)
\@linkdim=\dimen323
\Hy@linkcounter=\count330
\Hy@pagecounter=\count331
 (/usr/share/texlive/texmf-dist/tex/latex/hyperref/pd1enc.def
File: pd1enc.def 2020-05-15 v7.00e Hyperref: PDFDocEncoding definition (HO)
Now handling font encoding PD1 ...
... no UTF-8 mapping file for font encoding PD1
) (/usr/share/texlive/texmf-dist/tex/generic/intcalc/intcalc.sty
Package: intcalc 2019/12/15 v1.3 Expandable calculations with integers (HO)
) (/usr/share/texlive/texmf-dist/tex/generic/etexcmds/etexcmds.sty
Package: etexcmds 2019/12/15 v1.7 Avoid name clashes with e-TeX commands (HO)
)
\Hy@SavedSpaceFactor=\count332
Package hyperref Info: Option `colorlinks' set `true' on input line 4338.
Package hyperref Info: Option `linktocpage' set `true' on input line 4338.
Package hyperref Info: Option `pdfa' set `true' on input line 4338.
Package hyperref Info: Hyper figures OFF on input line 4464.
Package hyperref Info: Link nesting OFF on input line 4469.
Package hyperref Info: Hyper index ON on input line 4472.
Package hyperref Info: Plain pages OFF on input line 4479.
Package hyperref Info: Backreferencing OFF on input line 4484.
Package hyperref Info: Implicit mode ON; LaTeX internals redefined.
Package hyperref Info: Bookmarks ON on input line 4717.
\c@Hy@tempcnt=\count333
 (/usr/share/texlive/texmf-dist/tex/latex/url/url.sty
\Urlmuskip=\muskip17
Package: url 2013/09/16  ver 3.4  Verb mode for urls, etc.
)
LaTeX Info: Redefining \url on input line 5076.
\XeTeXLinkMargin=\dimen324
 (/usr/share/texlive/texmf-dist/tex/generic/bitset/bitset.sty
Package: bitset 2019/12/09 v1.3 Handle bit-vector datatype (HO)
 (/usr/share/texlive/texmf-dist/tex/generic/bigintcalc/bigintcalc.sty
Package: bigintcalc 2019/12/15 v1.5 Expandable calculations on big integers (HO)
))
\Fld@menulength=\count334
\Field@Width=\dimen325
\Fld@charsize=\dimen326
Package hyperref Info: Hyper figures OFF on input line 6347.
Package hyperref Info: Link nesting OFF on input line 6352.
Package hyperref Info: Hyper index ON on input line 6355.
Package hyperref Info: backreferencing OFF on input line 6362.
Package hyperref Info: Link coloring ON on input line 6365.
Package hyperref Info: Link coloring with OCG OFF on input line 6372.
Package hyperref Info: PDF/A mode ON on input line 6375.
LaTeX Info: Redefining \ref on input line 6417.
LaTeX Info: Redefining \pageref on input line 6421.
 (/usr/share/texlive/texmf-dist/tex/latex/base/atbegshi-ltx.sty
Package: atbegshi-ltx 2020/08/17 v1.0a Emulation of the original atbegshi package
with kernel methods
)
\Hy@abspage=\count335
\c@Item=\count336
\c@Hfootnote=\count337
)
Package hyperref Info: Driver (autodetected): hpdftex.
 (/usr/share/texlive/texmf-dist/tex/latex/hyperref/hpdftex.def
File: hpdftex.def 2020-05-15 v7.00e Hyperref driver for pdfTeX
 (/usr/share/texlive/texmf-dist/tex/latex/base/atveryend-ltx.sty
Package: atveryend-ltx 2020/08/19 v1.0a Emulation of the original atvery package
with kernel methods
)
\Fld@listcount=\count338
\c@bookmark@seq@number=\count339
 (/usr/share/texlive/texmf-dist/tex/latex/rerunfilecheck/rerunfilecheck.sty
Package: rerunfilecheck 2019/12/05 v1.9 Rerun checks for auxiliary files (HO)
 (/usr/share/texlive/texmf-dist/tex/generic/uniquecounter/uniquecounter.sty
Package: uniquecounter 2019/12/15 v1.4 Provide unlimited unique counter (HO)
)
Package uniquecounter Info: New unique counter `rerunfilecheck' on input line 286.
)
\Hy@SectionHShift=\skip78
)
\auth@toks=\toks50
\affil@toks=\toks51
\email@toks=\toks52
\c@email@counter=\count340
\affiliationsSep=\skip79
LaTeX Font Info:    Trying to load font information for OT1+phv on input line 556.
 (/usr/share/texlive/texmf-dist/tex/latex/psnfss/ot1phv.fd
File: ot1phv.fd 2020/03/25 scalable font definitions for OT1/phv.
)) (/usr/share/texlive/texmf-dist/tex/latex/subfigure/subfigure.sty
Package: subfigure 2002/03/15 v2.1.5 subfigure package
\subfigtopskip=\skip80
\subfigcapskip=\skip81
\subfigcaptopadj=\dimen327
\subfigbottomskip=\skip82
\subfigcapmargin=\dimen328
\subfiglabelskip=\skip83
\c@subfigure=\count341
\c@lofdepth=\count342
\c@subtable=\count343
\c@lotdepth=\count344

****************************************
* Local config file subfigure.cfg used *
****************************************
(/usr/share/texlive/texmf-dist/tex/latex/subfigure/subfigure.cfg)
\subfig@top=\skip84
\subfig@bottom=\skip85
) (/usr/share/texlive/texmf-dist/tex/generic/pgf/frontendlayer/tikz/libraries/tikzlibraryarrows.code.tex
File: tikzlibraryarrows.code.tex 2020/12/27 v3.1.8b (3.1.8b)
 (/usr/share/texlive/texmf-dist/tex/generic/pgf/libraries/pgflibraryarrows.code.tex
File: pgflibraryarrows.code.tex 2020/12/27 v3.1.8b (3.1.8b)
\arrowsize=\dimen329
)) (/usr/share/texlive/texmf-dist/tex/latex/multirow/multirow.sty
Package: multirow 2021/01/29 v2.7 Span multiple rows of a table
\multirow@colwidth=\skip86
\multirow@cntb=\count345
\multirow@dima=\skip87
\bigstrutjot=\dimen330
) (/usr/share/texlive/texmf-dist/tex/latex/listings/listings.sty
\lst@mode=\count346
\lst@gtempboxa=\box129
\lst@token=\toks53
\lst@length=\count347
\lst@currlwidth=\dimen331
\lst@column=\count348
\lst@pos=\count349
\lst@lostspace=\dimen332
\lst@width=\dimen333
\lst@newlines=\count350
\lst@lineno=\count351
\lst@maxwidth=\dimen334
 (/usr/share/texlive/texmf-dist/tex/latex/listings/lstmisc.sty
File: lstmisc.sty 2020/03/24 1.8d (Carsten Heinz)
\c@lstnumber=\count352
\lst@skipnumbers=\count353
\lst@framebox=\box130
) (/usr/share/texlive/texmf-dist/tex/latex/listings/listings.cfg
File: listings.cfg 2020/03/24 1.8d listings configuration
))
Package: listings 2020/03/24 1.8d (Carsten Heinz)
 (/usr/share/texlive/texmf-dist/tex/latex/extarrows/extarrows.sty
Package: extarrows 2020/03/12 v1.2.0 Some extensible arrows
) (/usr/share/texlive/texmf-dist/tex/latex/parskip/parskip.sty
Package: parskip 2020-06-15 v2.0f non-zero parskip adjustments
) (/usr/share/texlive/texmf-dist/tex/latex/eurosym/eurosym.sty
Package: eurosym 1998/08/06 v1.1 European currency symbol ``Euro''
\@eurobox=\box131
) (/usr/share/texlive/texmf-dist/tex/latex/footmisc/footmisc.sty
Package: footmisc 2011/06/06 v5.5b a miscellany of footnote facilities
\FN@temptoken=\toks54
\footnotemargin=\dimen335
\c@pp@next@reset=\count354
Package footmisc Info: Declaring symbol style bringhurst on input line 855.
Package footmisc Info: Declaring symbol style chicago on input line 863.
Package footmisc Info: Declaring symbol style wiley on input line 872.
Package footmisc Info: Declaring symbol style lamport-robust on input line 883.
Package footmisc Info: Declaring symbol style lamport* on input line 903.
Package footmisc Info: Declaring symbol style lamport*-robust on input line 924.
)
LaTeX Font Info:    Trying to load font information for T1+lmr on input line 21.
 (/usr/share/texmf/tex/latex/lm/t1lmr.fd
File: t1lmr.fd 2009/10/30 v1.6 Font defs for Latin Modern
) (/home/vetle/Documents/emner/FYS-STK4155/FYS-STK4155/project2/tex/project2.aux)
\openout1 = `project2.aux'.

LaTeX Font Info:    Checking defaults for OML/cmm/m/it on input line 21.
LaTeX Font Info:    ... okay on input line 21.
LaTeX Font Info:    Checking defaults for OMS/cmsy/m/n on input line 21.
LaTeX Font Info:    ... okay on input line 21.
LaTeX Font Info:    Checking defaults for OT1/cmr/m/n on input line 21.
LaTeX Font Info:    ... okay on input line 21.
LaTeX Font Info:    Checking defaults for T1/cmr/m/n on input line 21.
LaTeX Font Info:    ... okay on input line 21.
LaTeX Font Info:    Checking defaults for TS1/cmr/m/n on input line 21.
LaTeX Font Info:    ... okay on input line 21.
LaTeX Font Info:    Checking defaults for OMX/cmex/m/n on input line 21.
LaTeX Font Info:    ... okay on input line 21.
LaTeX Font Info:    Checking defaults for U/cmr/m/n on input line 21.
LaTeX Font Info:    ... okay on input line 21.
LaTeX Font Info:    Checking defaults for PD1/pdf/m/n on input line 21.
LaTeX Font Info:    ... okay on input line 21.
Package caption Info: Begin \AtBeginDocument code.
Package caption Info: changepage package is loaded.
\caption@adjustwidth@hsize=\dimen336
\caption@adjustwidth@linewidth=\dimen337
Package caption Info: float package is loaded.
Package caption Info: hyperref package is loaded.
Package caption Info: listings package is loaded.
Package caption Info: subfigure package is loaded.
Package caption Info: wrapfig package is loaded.
Package caption Info: End \AtBeginDocument code.
\@sidenotes@extrawidth=\skip88

*geometry* driver: auto-detecting
*geometry* detected driver: pdftex
*geometry* verbose mode - [ preamble ] result:
* driver: pdftex
* paper: custom
* layout: <same size as paper>
* layoutoffset:(h,v)=(0.0pt,0.0pt)
* modes: 
* h-part:(L,W,R)=(68.13937pt, 460.72124pt, 68.13939pt)
* v-part:(T,H,B)=(51.81274pt, 715.46812pt, 77.71913pt)
* \paperwidth=597.0pt
* \paperheight=845.0pt
* \textwidth=460.72124pt
* \textheight=727.46812pt
* \oddsidemargin=-4.13062pt
* \evensidemargin=-4.13062pt
* \topmargin=42.25258pt
* \headheight=4.22913pt
* \headsep=4.22913pt
* \topskip=12.0pt
* \footskip=15.0pt
* \marginparwidth=41.79437pt
* \marginparsep=11.94255pt
* \columnsep=10.0pt
* \skip\footins=10.8pt plus 4.0pt minus 2.0pt
* \hoffset=0.0pt
* \voffset=-72.26999pt
* \mag=1000
* \@twocolumnfalse
* \@twosidefalse
* \@mparswitchfalse
* \@reversemarginfalse
* (1in=72.27pt=25.4mm, 1cm=28.453pt)

(/usr/share/texlive/texmf-dist/tex/context/base/mkii/supp-pdf.mkii
[Loading MPS to PDF converter (version 2006.09.02).]
\scratchcounter=\count355
\scratchdimen=\dimen338
\scratchbox=\box132
\nofMPsegments=\count356
\nofMParguments=\count357
\everyMPshowfont=\toks55
\MPscratchCnt=\count358
\MPscratchDim=\dimen339
\MPnumerator=\count359
\makeMPintoPDFobject=\count360
\everyMPtoPDFconversion=\toks56
) (/usr/share/texlive/texmf-dist/tex/latex/epstopdf-pkg/epstopdf-base.sty
Package: epstopdf-base 2020-01-24 v2.11 Base part for package epstopdf
Package epstopdf-base Info: Redefining graphics rule for `.eps' on input line 485.
 (/usr/share/texlive/texmf-dist/tex/latex/latexconfig/epstopdf-sys.cfg
File: epstopdf-sys.cfg 2010/07/13 v1.3 Configuration of (r)epstopdf for TeX Live
))
Package hyperref Info: Link coloring ON on input line 21.
 (/usr/share/texlive/texmf-dist/tex/latex/hyperref/nameref.sty
Package: nameref 2019/09/16 v2.46 Cross-referencing by name of section
 (/usr/share/texlive/texmf-dist/tex/latex/refcount/refcount.sty
Package: refcount 2019/12/15 v3.6 Data extraction from label references (HO)
) (/usr/share/texlive/texmf-dist/tex/generic/gettitlestring/gettitlestring.sty
Package: gettitlestring 2019/12/15 v1.6 Cleanup title references (HO)
)
\c@section@level=\count361
)
LaTeX Info: Redefining \ref on input line 21.
LaTeX Info: Redefining \pageref on input line 21.
LaTeX Info: Redefining \nameref on input line 21.
 (/home/vetle/Documents/emner/FYS-STK4155/FYS-STK4155/project2/tex/project2.out) (/home/vetle/Documents/emner/FYS-STK4155/FYS-STK4155/project2/tex/project2.out)
\@outlinefile=\write6
\openout6 = `project2.out'.

\c@lstlisting=\count362
*geometry* verbose mode - [ newgeometry ] result:
* driver: pdftex
* paper: custom
* layout: <same size as paper>
* layoutoffset:(h,v)=(0.0pt,0.0pt)
* modes: 
* h-part:(L,W,R)=(29.85182pt, 537.29636pt, 29.85182pt)
* v-part:(T,H,B)=(101.40103pt, 591.49742pt, 152.10155pt)
* \paperwidth=597.0pt
* \paperheight=845.0pt
* \textwidth=537.29636pt
* \textheight=591.49742pt
* \oddsidemargin=-42.41817pt
* \evensidemargin=-42.41817pt
* \topmargin=20.67279pt
* \headheight=4.22913pt
* \headsep=4.22913pt
* \topskip=12.0pt
* \footskip=15.0pt
* \marginparwidth=0.0pt
* \marginparsep=0.0pt
* \columnsep=10.0pt
* \skip\footins=10.8pt plus 4.0pt minus 2.0pt
* \hoffset=0.0pt
* \voffset=0.0pt
* \mag=1000
* \@twocolumnfalse
* \@twosidefalse
* \@mparswitchfalse
* \@reversemarginfalse
* (1in=72.27pt=25.4mm, 1cm=28.453pt)

LaTeX Font Info:    Trying to load font information for T1+lmss on input line 25.
 (/usr/share/texmf/tex/latex/lm/t1lmss.fd
File: t1lmss.fd 2009/10/30 v1.6 Font defs for Latin Modern
)
<../../pictures/UIO.png, id=127, 200.75pt x 200.75pt>
File: ../../pictures/UIO.png Graphic file (type png)
<use ../../pictures/UIO.png>
Package pdftex.def Info: ../../pictures/UIO.png  used on input line 25.
(pdftex.def)             Requested size: 85.35826pt x 85.35896pt.

Underfull \hbox (badness 10000) in paragraph at lines 25--25

 []


Package JHEP Warning: E-mails are missing.
(JHEP)                Plese use \emailAdd macro to provide e-mails..

[0


{/var/lib/texmf/fonts/map/pdftex/updmap/pdftex.map} </home/vetle/Documents/emner/FYS-STK4155/FYS-STK4155/project2/tex/../../pictures/UIO.png>]
Package marginnote Info: Using workaround for absolute page number on input line 25.
 (/home/vetle/Documents/emner/FYS-STK4155/FYS-STK4155/project2/tex/project2.toc
LaTeX Font Info:    Trying to load font information for OT1+lmr on input line 4.
 (/usr/share/texmf/tex/latex/lm/ot1lmr.fd
File: ot1lmr.fd 2009/10/30 v1.6 Font defs for Latin Modern
)
LaTeX Font Info:    Trying to load font information for OML+lmm on input line 4.
 (/usr/share/texmf/tex/latex/lm/omllmm.fd
File: omllmm.fd 2009/10/30 v1.6 Font defs for Latin Modern
)
LaTeX Font Info:    Trying to load font information for OMS+lmsy on input line 4.
 (/usr/share/texmf/tex/latex/lm/omslmsy.fd
File: omslmsy.fd 2009/10/30 v1.6 Font defs for Latin Modern
)
LaTeX Font Info:    Trying to load font information for OMX+lmex on input line 4.
 (/usr/share/texmf/tex/latex/lm/omxlmex.fd
File: omxlmex.fd 2009/10/30 v1.6 Font defs for Latin Modern
)
LaTeX Font Info:    External font `lmex10' loaded for size
(Font)              <12> on input line 4.
LaTeX Font Info:    External font `lmex10' loaded for size
(Font)              <8> on input line 4.
LaTeX Font Info:    External font `lmex10' loaded for size
(Font)              <6> on input line 4.
LaTeX Font Info:    Trying to load font information for U+rsfs on input line 4.
 (/usr/share/texlive/texmf-dist/tex/latex/jknapltx/ursfs.fd
File: ursfs.fd 1998/03/24 rsfs font definition file (jk)
)
LaTeX Font Info:    Trying to load font information for U+msa on input line 4.
 (/usr/share/texlive/texmf-dist/tex/latex/amsfonts/umsa.fd
File: umsa.fd 2013/01/14 v3.01 AMS symbols A
)
LaTeX Font Info:    Trying to load font information for U+msb on input line 4.
 (/usr/share/texlive/texmf-dist/tex/latex/amsfonts/umsb.fd
File: umsb.fd 2013/01/14 v3.01 AMS symbols B
))
\tf@toc=\write7
\openout7 = `project2.toc'.

 [1] [2]
LaTeX Font Info:    External font `lmex10' loaded for size
(Font)              <10> on input line 69.
LaTeX Font Info:    External font `lmex10' loaded for size
(Font)              <7> on input line 69.
LaTeX Font Info:    External font `lmex10' loaded for size
(Font)              <5> on input line 69.
pdfTeX warning (ext4): destination with the same identifier (name{page.1}) has been already used, duplicate ignored
<to be read again> 
                   \relax 
l.80 \begin{equation}
                      [1

]pdfTeX warning (ext4): destination with the same identifier (name{page.2}) has been already used, duplicate ignored
<to be read again> 
                   \relax 
l.103 \begin{align}
                    [2] [3]
<pictures/neural_network.png, id=227, 853.1875pt x 499.8675pt>
File: pictures/neural_network.png Graphic file (type png)
<use pictures/neural_network.png>
Package pdftex.def Info: pictures/neural_network.png  used on input line 149.
(pdftex.def)             Requested size: 322.50345pt x 188.95244pt.
LaTeX Font Info:    Trying to load font information for T1+lmtt on input line 151.
 (/usr/share/texmf/tex/latex/lm/t1lmtt.fd
File: t1lmtt.fd 2009/10/30 v1.6 Font defs for Latin Modern
)
Overfull \hbox (36.87537pt too wide) in paragraph at lines 149--152
\T1/lmr/m/n/12 (source: \T1/lmtt/m/n/12 https://www.researchgate.net/figure/Artificial-neur
 []


Overfull \hbox (40.20906pt too wide) in paragraph at lines 149--152
\T1/lmtt/m/n/12 al-network-architecture-ANN-i-h-1-h-2-h-n-o_fig1_321259051\T1/lmr/m/n/12 ) 
 []


LaTeX Warning: `h' float specifier changed to `ht'.

[4] [5 </home/vetle/Documents/emner/FYS-STK4155/FYS-STK4155/project2/tex/pictures/neural_network.png>]
<pictures/activation_functions.pdf, id=253, 578.16pt x 144.54pt>
File: pictures/activation_functions.pdf Graphic file (type pdf)
<use pictures/activation_functions.pdf>
Package pdftex.def Info: pictures/activation_functions.pdf  used on input line 177.
(pdftex.def)             Requested size: 460.72124pt x 115.18001pt.
 [6 </home/vetle/Documents/emner/FYS-STK4155/FYS-STK4155/project2/tex/pictures/activation_functions.pdf>] [7] [8] [9] [10] [11] [12] [13] [14]
<../output//SGD_Franke/reg_Franke__epochs_eta__Train_MSE__overfit_489047.pdf, id=388, 578.16pt x 397.485pt>
File: ../output//SGD_Franke/reg_Franke__epochs_eta__Train_MSE__overfit_489047.pdf Graphic file (type pdf)
<use ../output//SGD_Franke/reg_Franke__epochs_eta__Train_MSE__overfit_489047.pdf>
Package pdftex.def Info: ../output//SGD_Franke/reg_Franke__epochs_eta__Train_MSE__overfit_489047.pdf  used on input line 382.
(pdftex.def)             Requested size: 460.72124pt x 316.74507pt.
<../output//SGD_Franke/reg_Franke__epochs_eta__Test_MSE__overfit_395885.pdf, id=389, 578.16pt x 397.485pt>
File: ../output//SGD_Franke/reg_Franke__epochs_eta__Test_MSE__overfit_395885.pdf Graphic file (type pdf)
<use ../output//SGD_Franke/reg_Franke__epochs_eta__Test_MSE__overfit_395885.pdf>
Package pdftex.def Info: ../output//SGD_Franke/reg_Franke__epochs_eta__Test_MSE__overfit_395885.pdf  used on input line 383.
(pdftex.def)             Requested size: 460.72124pt x 316.74507pt.
LaTeX Font Info:    External font `lmex10' loaded for size
(Font)              <10.95> on input line 384.


LaTeX Warning: `!h' float specifier changed to `!ht'.

<../output//SGD_Franke/reg_Franke__epochs_eta__Test_MSE__262224.pdf, id=392, 578.16pt x 397.485pt>
File: ../output//SGD_Franke/reg_Franke__epochs_eta__Test_MSE__262224.pdf Graphic file (type pdf)
<use ../output//SGD_Franke/reg_Franke__epochs_eta__Test_MSE__262224.pdf>
Package pdftex.def Info: ../output//SGD_Franke/reg_Franke__epochs_eta__Test_MSE__262224.pdf  used on input line 393.
(pdftex.def)             Requested size: 414.6463pt x 285.06693pt.

LaTeX Warning: `!h' float specifier changed to `!ht'.

[15]

LaTeX Warning: Text page 16 contains only floats.

[16 </home/vetle/Documents/emner/FYS-STK4155/FYS-STK4155/project2/tex/../output//SGD_Franke/reg_Franke__epochs_eta__Train_MSE__overfit_489047.pdf> </home/vetle/Documents/emner/FYS-STK4155/FYS-STK4155/project2/tex/../output//SGD_Franke/reg_Franke__epochs_eta__Test_MSE__overfit_395885.pdf

pdfTeX warning: pdflatex (file /home/vetle/Documents/emner/FYS-STK4155/FYS-STK4155/project2/tex/../output//SGD_Franke/reg_Franke__epochs_eta__Test_MSE__overfit_395885.pdf): PDF inclusion: multiple pdfs with page group included in a single page
>]
<../output//SGD_Franke/reg_Franke__epochs_minibatches__Test_MSE__440533.pdf, id=436, 578.16pt x 397.485pt>
File: ../output//SGD_Franke/reg_Franke__epochs_minibatches__Test_MSE__440533.pdf Graphic file (type pdf)
<use ../output//SGD_Franke/reg_Franke__epochs_minibatches__Test_MSE__440533.pdf>
Package pdftex.def Info: ../output//SGD_Franke/reg_Franke__epochs_minibatches__Test_MSE__440533.pdf  used on input line 403.
(pdftex.def)             Requested size: 414.6463pt x 285.06693pt.


LaTeX Warning: `!h' float specifier changed to `!ht'.

<../output//SGD_Franke/reg_Franke__lambda_eta__Test_MSE__764274.pdf, id=439, 578.16pt x 397.485pt>
File: ../output//SGD_Franke/reg_Franke__lambda_eta__Test_MSE__764274.pdf Graphic file (type pdf)
<use ../output//SGD_Franke/reg_Franke__lambda_eta__Test_MSE__764274.pdf>
Package pdftex.def Info: ../output//SGD_Franke/reg_Franke__lambda_eta__Test_MSE__764274.pdf  used on input line 411.
(pdftex.def)             Requested size: 414.6463pt x 285.06693pt.

LaTeX Warning: `!h' float specifier changed to `!ht'.

[17 </home/vetle/Documents/emner/FYS-STK4155/FYS-STK4155/project2/tex/../output//SGD_Franke/reg_Franke__epochs_eta__Test_MSE__262224.pdf>]
<../output//SGD_Franke/reg_Franke__epochs_gamma__Test_MSE__239373.pdf, id=463, 578.16pt x 397.485pt>
File: ../output//SGD_Franke/reg_Franke__epochs_gamma__Test_MSE__239373.pdf Graphic file (type pdf)
<use ../output//SGD_Franke/reg_Franke__epochs_gamma__Test_MSE__239373.pdf>
Package pdftex.def Info: ../output//SGD_Franke/reg_Franke__epochs_gamma__Test_MSE__239373.pdf  used on input line 419.
(pdftex.def)             Requested size: 414.6463pt x 285.06693pt.
 [18 </home/vetle/Documents/emner/FYS-STK4155/FYS-STK4155/project2/tex/../output//SGD_Franke/reg_Franke__epochs_minibatches__Test_MSE__440533.pdf> </home/vetle/Documents/emner/FYS-STK4155/FYS-STK4155/project2/tex/../output//SGD_Franke/reg_Franke__lambda_eta__Test_MSE__764274.pdf

pdfTeX warning: pdflatex (file /home/vetle/Documents/emner/FYS-STK4155/FYS-STK4155/project2/tex/../output//SGD_Franke/reg_Franke__lambda_eta__Test_MSE__764274.pdf): PDF inclusion: multiple pdfs with page group included in a single page
>]
<../output//SGD_Franke/reg_Franke__epochs_dynamic_eta__Test_MSE__792536.pdf, id=500, 578.16pt x 397.485pt>
File: ../output//SGD_Franke/reg_Franke__epochs_dynamic_eta__Test_MSE__792536.pdf Graphic file (type pdf)
<use ../output//SGD_Franke/reg_Franke__epochs_dynamic_eta__Test_MSE__792536.pdf>
Package pdftex.def Info: ../output//SGD_Franke/reg_Franke__epochs_dynamic_eta__Test_MSE__792536.pdf  used on input line 427.
(pdftex.def)             Requested size: 414.6463pt x 285.06693pt.


LaTeX Warning: `!h' float specifier changed to `!ht'.

[19 </home/vetle/Documents/emner/FYS-STK4155/FYS-STK4155/project2/tex/../output//SGD_Franke/reg_Franke__epochs_gamma__Test_MSE__239373.pdf>]
<../output//NN_Franke/NN_Franke__epochs_eta__train_MSE__569887.pdf, id=521, 578.16pt x 397.485pt>
File: ../output//NN_Franke/NN_Franke__epochs_eta__train_MSE__569887.pdf Graphic file (type pdf)
<use ../output//NN_Franke/NN_Franke__epochs_eta__train_MSE__569887.pdf>
Package pdftex.def Info: ../output//NN_Franke/NN_Franke__epochs_eta__train_MSE__569887.pdf  used on input line 438.
(pdftex.def)             Requested size: 460.72124pt x 316.74507pt.


LaTeX Warning: `!h' float specifier changed to `!ht'.

<../output//NN_Franke/NN_Franke__epochs_eta__test_MSE__582234.pdf, id=523, 578.16pt x 397.485pt>
File: ../output//NN_Franke/NN_Franke__epochs_eta__test_MSE__582234.pdf Graphic file (type pdf)
<use ../output//NN_Franke/NN_Franke__epochs_eta__test_MSE__582234.pdf>
Package pdftex.def Info: ../output//NN_Franke/NN_Franke__epochs_eta__test_MSE__582234.pdf  used on input line 448.
(pdftex.def)             Requested size: 414.6463pt x 285.06693pt.

LaTeX Warning: `!h' float specifier changed to `!ht'.

[20 </home/vetle/Documents/emner/FYS-STK4155/FYS-STK4155/project2/tex/../output//SGD_Franke/reg_Franke__epochs_dynamic_eta__Test_MSE__792536.pdf>]
<../output//NN_Franke/NN_Franke__epochs_eta__test_R2__190748.pdf, id=549, 578.16pt x 397.485pt>
File: ../output//NN_Franke/NN_Franke__epochs_eta__test_R2__190748.pdf Graphic file (type pdf)
<use ../output//NN_Franke/NN_Franke__epochs_eta__test_R2__190748.pdf>
Package pdftex.def Info: ../output//NN_Franke/NN_Franke__epochs_eta__test_R2__190748.pdf  used on input line 457.
(pdftex.def)             Requested size: 414.6463pt x 285.06693pt.


LaTeX Warning: `!h' float specifier changed to `!ht'.

[21 </home/vetle/Documents/emner/FYS-STK4155/FYS-STK4155/project2/tex/../output//NN_Franke/NN_Franke__epochs_eta__train_MSE__569887.pdf> </home/vetle/Documents/emner/FYS-STK4155/FYS-STK4155/project2/tex/../output//NN_Franke/NN_Franke__epochs_eta__test_MSE__582234.pdf

pdfTeX warning: pdflatex (file /home/vetle/Documents/emner/FYS-STK4155/FYS-STK4155/project2/tex/../output//NN_Franke/NN_Franke__epochs_eta__test_MSE__582234.pdf): PDF inclusion: multiple pdfs with page group included in a single page
>]
<../output//NN_Franke/NN_Franke__epochs_dynamic_eta__test_MSE__489375.pdf, id=582, 578.16pt x 397.485pt>
File: ../output//NN_Franke/NN_Franke__epochs_dynamic_eta__test_MSE__489375.pdf Graphic file (type pdf)
<use ../output//NN_Franke/NN_Franke__epochs_dynamic_eta__test_MSE__489375.pdf>
Package pdftex.def Info: ../output//NN_Franke/NN_Franke__epochs_dynamic_eta__test_MSE__489375.pdf  used on input line 465.
(pdftex.def)             Requested size: 414.6463pt x 285.06693pt.


LaTeX Warning: `!h' float specifier changed to `!ht'.

<../output//NN_Franke/NN_Franke__epochs_eta__test_MSE__relu__733938.pdf, id=585, 578.16pt x 397.485pt>
File: ../output//NN_Franke/NN_Franke__epochs_eta__test_MSE__relu__733938.pdf Graphic file (type pdf)
<use ../output//NN_Franke/NN_Franke__epochs_eta__test_MSE__relu__733938.pdf>
Package pdftex.def Info: ../output//NN_Franke/NN_Franke__epochs_eta__test_MSE__relu__733938.pdf  used on input line 473.
(pdftex.def)             Requested size: 414.6463pt x 285.06693pt.
<../output//NN_Franke/NN_Franke__epochs_eta__test_MSE__leaky_relu__501404.pdf, id=586, 578.16pt x 397.485pt>
File: ../output//NN_Franke/NN_Franke__epochs_eta__test_MSE__leaky_relu__501404.pdf Graphic file (type pdf)
<use ../output//NN_Franke/NN_Franke__epochs_eta__test_MSE__leaky_relu__501404.pdf>
Package pdftex.def Info: ../output//NN_Franke/NN_Franke__epochs_eta__test_MSE__leaky_relu__501404.pdf  used on input line 474.
(pdftex.def)             Requested size: 414.6463pt x 285.06693pt.

Underfull \hbox (badness 10000) in paragraph at lines 473--475
[][]
 []


LaTeX Warning: `!h' float specifier changed to `!ht'.

<../output//NN_Franke/NN_Franke__epochs_eta__test_MSE__compare__600255.pdf, id=587, 578.16pt x 397.485pt>
File: ../output//NN_Franke/NN_Franke__epochs_eta__test_MSE__compare__600255.pdf Graphic file (type pdf)
<use ../output//NN_Franke/NN_Franke__epochs_eta__test_MSE__compare__600255.pdf>
Package pdftex.def Info: ../output//NN_Franke/NN_Franke__epochs_eta__test_MSE__compare__600255.pdf  used on input line 481.
(pdftex.def)             Requested size: 322.50345pt x 221.71669pt.

LaTeX Warning: `!h' float specifier changed to `!ht'.

[22 </home/vetle/Documents/emner/FYS-STK4155/FYS-STK4155/project2/tex/../output//NN_Franke/NN_Franke__epochs_eta__test_R2__190748.pdf>]
<../output/plots/NN_Franke__epochs_eta__test_MSE__relu__375043.pdf, id=612, 578.16pt x 397.485pt>
File: ../output/plots/NN_Franke__epochs_eta__test_MSE__relu__375043.pdf Graphic file (type pdf)
<use ../output/plots/NN_Franke__epochs_eta__test_MSE__relu__375043.pdf>
Package pdftex.def Info: ../output/plots/NN_Franke__epochs_eta__test_MSE__relu__375043.pdf  used on input line 490.
(pdftex.def)             Requested size: 225.75594pt x 155.20654pt.
<../output/plots/NN_Franke__epochs_eta__test_MSE__relu__705262.pdf, id=613, 578.16pt x 397.485pt>
File: ../output/plots/NN_Franke__epochs_eta__test_MSE__relu__705262.pdf Graphic file (type pdf)
<use ../output/plots/NN_Franke__epochs_eta__test_MSE__relu__705262.pdf>
Package pdftex.def Info: ../output/plots/NN_Franke__epochs_eta__test_MSE__relu__705262.pdf  used on input line 493.
(pdftex.def)             Requested size: 225.75594pt x 155.20654pt.
<../output/plots/NN_Franke__epochs_eta__test_MSE__relu__45014.pdf, id=614, 578.16pt x 397.485pt>
File: ../output/plots/NN_Franke__epochs_eta__test_MSE__relu__45014.pdf Graphic file (type pdf)
<use ../output/plots/NN_Franke__epochs_eta__test_MSE__relu__45014.pdf>
Package pdftex.def Info: ../output/plots/NN_Franke__epochs_eta__test_MSE__relu__45014.pdf  used on input line 496.
(pdftex.def)             Requested size: 225.75594pt x 155.20654pt.
<../output/plots/NN_Franke__epochs_eta__test_MSE__relu__704482.pdf, id=615, 578.16pt x 397.485pt>
File: ../output/plots/NN_Franke__epochs_eta__test_MSE__relu__704482.pdf Graphic file (type pdf)
<use ../output/plots/NN_Franke__epochs_eta__test_MSE__relu__704482.pdf>
Package pdftex.def Info: ../output/plots/NN_Franke__epochs_eta__test_MSE__relu__704482.pdf  used on input line 499.
(pdftex.def)             Requested size: 225.75594pt x 155.20654pt.


LaTeX Warning: `h' float specifier changed to `ht'.

<../output//plots/NN_Franke__eta_lambda__test_MSE__228448.pdf, id=619, 722.7pt x 722.7pt>
File: ../output//plots/NN_Franke__eta_lambda__test_MSE__228448.pdf Graphic file (type pdf)
<use ../output//plots/NN_Franke__eta_lambda__test_MSE__228448.pdf>
Package pdftex.def Info: ../output//plots/NN_Franke__eta_lambda__test_MSE__228448.pdf  used on input line 508.
(pdftex.def)             Requested size: 460.72124pt x 460.71791pt.

LaTeX Warning: `h' float specifier changed to `ht'.

[23 </home/vetle/Documents/emner/FYS-STK4155/FYS-STK4155/project2/tex/../output//NN_Franke/NN_Franke__epochs_dynamic_eta__test_MSE__489375.pdf>] [24 </home/vetle/Documents/emner/FYS-STK4155/FYS-STK4155/project2/tex/../output//NN_Franke/NN_Franke__epochs_eta__test_MSE__relu__733938.pdf> </home/vetle/Documents/emner/FYS-STK4155/FYS-STK4155/project2/tex/../output//NN_Franke/NN_Franke__epochs_eta__test_MSE__leaky_relu__501404.pdf

pdfTeX warning: pdflatex (file /home/vetle/Documents/emner/FYS-STK4155/FYS-STK4155/project2/tex/../output//NN_Franke/NN_Franke__epochs_eta__test_MSE__leaky_relu__501404.pdf): PDF inclusion: multiple pdfs with page group included in a single page
>] [25 </home/vetle/Documents/emner/FYS-STK4155/FYS-STK4155/project2/tex/../output//NN_Franke/NN_Franke__epochs_eta__test_MSE__compare__600255.pdf> </home/vetle/Documents/emner/FYS-STK4155/FYS-STK4155/project2/tex/../output/plots/NN_Franke__epochs_eta__test_MSE__relu__375043.pdf

pdfTeX warning: pdflatex (file /home/vetle/Documents/emner/FYS-STK4155/FYS-STK4155/project2/tex/../output/plots/NN_Franke__epochs_eta__test_MSE__relu__375043.pdf): PDF inclusion: multiple pdfs with page group included in a single page
> </home/vetle/Documents/emner/FYS-STK4155/FYS-STK4155/project2/tex/../output/plots/NN_Franke__epochs_eta__test_MSE__relu__705262.pdf

pdfTeX warning: pdflatex (file /home/vetle/Documents/emner/FYS-STK4155/FYS-STK4155/project2/tex/../output/plots/NN_Franke__epochs_eta__test_MSE__relu__705262.pdf): PDF inclusion: multiple pdfs with page group included in a single page
> </home/vetle/Documents/emner/FYS-STK4155/FYS-STK4155/project2/tex/../output/plots/NN_Franke__epochs_eta__test_MSE__relu__45014.pdf

pdfTeX warning: pdflatex (file /home/vetle/Documents/emner/FYS-STK4155/FYS-STK4155/project2/tex/../output/plots/NN_Franke__epochs_eta__test_MSE__relu__45014.pdf): PDF inclusion: multiple pdfs with page group included in a single page
> </home/vetle/Documents/emner/FYS-STK4155/FYS-STK4155/project2/tex/../output/plots/NN_Franke__epochs_eta__test_MSE__relu__704482.pdf

pdfTeX warning: pdflatex (file /home/vetle/Documents/emner/FYS-STK4155/FYS-STK4155/project2/tex/../output/plots/NN_Franke__epochs_eta__test_MSE__relu__704482.pdf): PDF inclusion: multiple pdfs with page group included in a single page
>] [26 </home/vetle/Documents/emner/FYS-STK4155/FYS-STK4155/project2/tex/../output//plots/NN_Franke__eta_lambda__test_MSE__228448.pdf>]
<../output//plots/NN_Cancer__epochs_eta__test_accuracy__892274.pdf, id=758, 578.16pt x 397.485pt>
File: ../output//plots/NN_Cancer__epochs_eta__test_accuracy__892274.pdf Graphic file (type pdf)
<use ../output//plots/NN_Cancer__epochs_eta__test_accuracy__892274.pdf>
Package pdftex.def Info: ../output//plots/NN_Cancer__epochs_eta__test_accuracy__892274.pdf  used on input line 521.
(pdftex.def)             Requested size: 460.72124pt x 316.74507pt.
<../output//plots/NN_Cancer__epochs_dynamic_eta__test_accuracy__354289.pdf, id=762, 578.16pt x 397.485pt>
File: ../output//plots/NN_Cancer__epochs_dynamic_eta__test_accuracy__354289.pdf Graphic file (type pdf)
<use ../output//plots/NN_Cancer__epochs_dynamic_eta__test_accuracy__354289.pdf>
Package pdftex.def Info: ../output//plots/NN_Cancer__epochs_dynamic_eta__test_accuracy__354289.pdf  used on input line 528.
(pdftex.def)             Requested size: 460.72124pt x 316.74507pt.


LaTeX Warning: `h' float specifier changed to `ht'.

[27

 </home/vetle/Documents/emner/FYS-STK4155/FYS-STK4155/project2/tex/../output//plots/NN_Cancer__epochs_eta__test_accuracy__892274.pdf>]
<../output//plots/NN_Cancer__epochs_dynamic_eta__test_accuracy__relu__539592.pdf, id=784, 578.16pt x 397.485pt>
File: ../output//plots/NN_Cancer__epochs_dynamic_eta__test_accuracy__relu__539592.pdf Graphic file (type pdf)
<use ../output//plots/NN_Cancer__epochs_dynamic_eta__test_accuracy__relu__539592.pdf>
Package pdftex.def Info: ../output//plots/NN_Cancer__epochs_dynamic_eta__test_accuracy__relu__539592.pdf  used on input line 536.
(pdftex.def)             Requested size: 460.72124pt x 316.74507pt.
<../output//plots/NN_Cancer__epochs_dynamic_eta__test_accuracy__leaky_relu__144576.pdf, id=785, 578.16pt x 397.485pt>
File: ../output//plots/NN_Cancer__epochs_dynamic_eta__test_accuracy__leaky_relu__144576.pdf Graphic file (type pdf)
<use ../output//plots/NN_Cancer__epochs_dynamic_eta__test_accuracy__leaky_relu__144576.pdf>
Package pdftex.def Info: ../output//plots/NN_Cancer__epochs_dynamic_eta__test_accuracy__leaky_relu__144576.pdf  used on input line 537.
(pdftex.def)             Requested size: 460.72124pt x 316.74507pt.


LaTeX Warning: `h' float specifier changed to `ht'.

<../output//plots/NN_Cancer__dynamic_eta_lambda__test_accuracy__leaky_relu__888173.pdf, id=787, 722.7pt x 722.7pt>
File: ../output//plots/NN_Cancer__dynamic_eta_lambda__test_accuracy__leaky_relu__888173.pdf Graphic file (type pdf)
<use ../output//plots/NN_Cancer__dynamic_eta_lambda__test_accuracy__leaky_relu__888173.pdf>
Package pdftex.def Info: ../output//plots/NN_Cancer__dynamic_eta_lambda__test_accuracy__leaky_relu__888173.pdf  used on input line 544.
(pdftex.def)             Requested size: 460.72124pt x 460.71791pt.

LaTeX Warning: `h' float specifier changed to `ht'.

[28 </home/vetle/Documents/emner/FYS-STK4155/FYS-STK4155/project2/tex/../output//plots/NN_Cancer__epochs_dynamic_eta__test_accuracy__354289.pdf>] [29 </home/vetle/Documents/emner/FYS-STK4155/FYS-STK4155/project2/tex/../output//plots/NN_Cancer__epochs_dynamic_eta__test_accuracy__relu__539592.pdf> </home/vetle/Documents/emner/FYS-STK4155/FYS-STK4155/project2/tex/../output//plots/NN_Cancer__epochs_dynamic_eta__test_accuracy__leaky_relu__144576.pdf

pdfTeX warning: pdflatex (file /home/vetle/Documents/emner/FYS-STK4155/FYS-STK4155/project2/tex/../output//plots/NN_Cancer__epochs_dynamic_eta__test_accuracy__leaky_relu__144576.pdf): PDF inclusion: multiple pdfs with page group included in a single page
>]
<../output//plots/NN_Cancer__epochs_dynamic_eta__test_accuracy__relu__183872.pdf, id=848, 578.16pt x 397.485pt>
File: ../output//plots/NN_Cancer__epochs_dynamic_eta__test_accuracy__relu__183872.pdf Graphic file (type pdf)
<use ../output//plots/NN_Cancer__epochs_dynamic_eta__test_accuracy__relu__183872.pdf>
Package pdftex.def Info: ../output//plots/NN_Cancer__epochs_dynamic_eta__test_accuracy__relu__183872.pdf  used on input line 552.
(pdftex.def)             Requested size: 225.75594pt x 155.20654pt.
<../output//plots/NN_Cancer__epochs_dynamic_eta__test_accuracy__relu__605661.pdf, id=849, 578.16pt x 397.485pt>
File: ../output//plots/NN_Cancer__epochs_dynamic_eta__test_accuracy__relu__605661.pdf Graphic file (type pdf)
<use ../output//plots/NN_Cancer__epochs_dynamic_eta__test_accuracy__relu__605661.pdf>
Package pdftex.def Info: ../output//plots/NN_Cancer__epochs_dynamic_eta__test_accuracy__relu__605661.pdf  used on input line 555.
(pdftex.def)             Requested size: 225.75594pt x 155.20654pt.
<../output//plots/NN_Cancer__epochs_dynamic_eta__test_accuracy__relu__495223.pdf, id=850, 578.16pt x 397.485pt>
File: ../output//plots/NN_Cancer__epochs_dynamic_eta__test_accuracy__relu__495223.pdf Graphic file (type pdf)
<use ../output//plots/NN_Cancer__epochs_dynamic_eta__test_accuracy__relu__495223.pdf>
Package pdftex.def Info: ../output//plots/NN_Cancer__epochs_dynamic_eta__test_accuracy__relu__495223.pdf  used on input line 558.
(pdftex.def)             Requested size: 225.75594pt x 155.20654pt.
<../output//plots/NN_Cancer__epochs_dynamic_eta__test_accuracy__relu__274259.pdf, id=851, 578.16pt x 397.485pt>
File: ../output//plots/NN_Cancer__epochs_dynamic_eta__test_accuracy__relu__274259.pdf Graphic file (type pdf)
<use ../output//plots/NN_Cancer__epochs_dynamic_eta__test_accuracy__relu__274259.pdf>
Package pdftex.def Info: ../output//plots/NN_Cancer__epochs_dynamic_eta__test_accuracy__relu__274259.pdf  used on input line 561.
(pdftex.def)             Requested size: 225.75594pt x 155.20654pt.


LaTeX Warning: `h' float specifier changed to `ht'.

<../output/plots/reg_Cancer__epochs_eta__Train_accuracy__705107.png, id=853, 578.16pt x 397.485pt>
File: ../output/plots/reg_Cancer__epochs_eta__Train_accuracy__705107.png Graphic file (type png)
<use ../output/plots/reg_Cancer__epochs_eta__Train_accuracy__705107.png>
Package pdftex.def Info: ../output/plots/reg_Cancer__epochs_eta__Train_accuracy__705107.png  used on input line 572.
(pdftex.def)             Requested size: 460.72124pt x 316.74507pt.
<../output/plots/reg_Cancer__epochs_eta__Test_accuracy__924831.png, id=854, 578.16pt x 397.485pt>
File: ../output/plots/reg_Cancer__epochs_eta__Test_accuracy__924831.png Graphic file (type png)
<use ../output/plots/reg_Cancer__epochs_eta__Test_accuracy__924831.png>
Package pdftex.def Info: ../output/plots/reg_Cancer__epochs_eta__Test_accuracy__924831.png  used on input line 573.
(pdftex.def)             Requested size: 460.72124pt x 316.74507pt.

LaTeX Warning: `h' float specifier changed to `ht'.

[30 </home/vetle/Documents/emner/FYS-STK4155/FYS-STK4155/project2/tex/../output//plots/NN_Cancer__dynamic_eta_lambda__test_accuracy__leaky_relu__888173.pdf>]
<../output/plots/reg_Cancer__lambda_eta__Test_accuracy__860729.pdf, id=877, 650.43pt x 578.16pt>
File: ../output/plots/reg_Cancer__lambda_eta__Test_accuracy__860729.pdf Graphic file (type pdf)
<use ../output/plots/reg_Cancer__lambda_eta__Test_accuracy__860729.pdf>
Package pdftex.def Info: ../output/plots/reg_Cancer__lambda_eta__Test_accuracy__860729.pdf  used on input line 580.
(pdftex.def)             Requested size: 460.72124pt x 409.54369pt.


LaTeX Warning: `h' float specifier changed to `ht'.

[31 </home/vetle/Documents/emner/FYS-STK4155/FYS-STK4155/project2/tex/../output//plots/NN_Cancer__epochs_dynamic_eta__test_accuracy__relu__183872.pdf> </home/vetle/Documents/emner/FYS-STK4155/FYS-STK4155/project2/tex/../output//plots/NN_Cancer__epochs_dynamic_eta__test_accuracy__relu__605661.pdf

pdfTeX warning: pdflatex (file /home/vetle/Documents/emner/FYS-STK4155/FYS-STK4155/project2/tex/../output//plots/NN_Cancer__epochs_dynamic_eta__test_accuracy__relu__605661.pdf): PDF inclusion: multiple pdfs with page group included in a single page
> </home/vetle/Documents/emner/FYS-STK4155/FYS-STK4155/project2/tex/../output//plots/NN_Cancer__epochs_dynamic_eta__test_accuracy__relu__495223.pdf

pdfTeX warning: pdflatex (file /home/vetle/Documents/emner/FYS-STK4155/FYS-STK4155/project2/tex/../output//plots/NN_Cancer__epochs_dynamic_eta__test_accuracy__relu__495223.pdf): PDF inclusion: multiple pdfs with page group included in a single page
> </home/vetle/Documents/emner/FYS-STK4155/FYS-STK4155/project2/tex/../output//plots/NN_Cancer__epochs_dynamic_eta__test_accuracy__relu__274259.pdf

pdfTeX warning: pdflatex (file /home/vetle/Documents/emner/FYS-STK4155/FYS-STK4155/project2/tex/../output//plots/NN_Cancer__epochs_dynamic_eta__test_accuracy__relu__274259.pdf): PDF inclusion: multiple pdfs with page group included in a single page
>]

LaTeX Warning: Text page 32 contains only floats.

[32 </home/vetle/Documents/emner/FYS-STK4155/FYS-STK4155/project2/tex/../output/plots/reg_Cancer__epochs_eta__Train_accuracy__705107.png> </home/vetle/Documents/emner/FYS-STK4155/FYS-STK4155/project2/tex/../output/plots/reg_Cancer__epochs_eta__Test_accuracy__924831.png>] [33 </home/vetle/Documents/emner/FYS-STK4155/FYS-STK4155/project2/tex/../output/plots/reg_Cancer__lambda_eta__Test_accuracy__860729.pdf>] [34

] (/home/vetle/Documents/emner/FYS-STK4155/FYS-STK4155/project2/tex/project2.bbl [35]) [36] (/home/vetle/Documents/emner/FYS-STK4155/FYS-STK4155/project2/tex/project2.aux)
Package rerunfilecheck Info: File `project2.out' has not changed.
(rerunfilecheck)             Checksum: 8D73AC426F8BFB9068BC5DF6151E8CDA;2206.
 ) 
Here is how much of TeX's memory you used:
 29860 strings out of 479304
 582334 string characters out of 5869779
 939722 words of memory out of 5000000
 46257 multiletter control sequences out of 15000+600000
 530430 words of font info for 118 fonts, out of 8000000 for 9000
 1141 hyphenation exceptions out of 8191
 127i,17n,130p,1700b,517s stack positions out of 5000i,500n,10000p,200000b,80000s
pdfTeX warning (dest): name{Hfootnote.3} has been referenced but does not exist, replaced by a fixed one

pdfTeX warning (dest): name{Hfootnote.2} has been referenced but does not exist, replaced by a fixed one

pdfTeX warning (dest): name{Hfootnote.1} has been referenced but does not exist, replaced by a fixed one

{/usr/share/texmf/fonts/enc/dvips/lm/lm-ec.enc}{/usr/share/texmf/fonts/enc/dvips/lm/lm-rm.enc}{/usr/share/texmf/fonts/enc/dvips/lm/lm-mathit.enc}{/usr/share/texmf/fonts/enc/dvips/lm/lm-mathsy.enc}{/usr/share/texmf/fonts/enc/dvips/lm/lm-mathex.enc}</usr/share/texlive/texmf-dist/fonts/type1/public/amsfonts/cm/cmmi12.pfb></usr/share/texlive/texmf-dist/fonts/type1/public/amsfonts/cm/cmr10.pfb></usr/share/texlive/texmf-dist/fonts/type1/public/amsfonts/cm/cmr12.pfb></usr/share/texlive/texmf-dist/fonts/type1/public/amsfonts/cm/cmr17.pfb></usr/share/texlive/texmf-dist/fonts/type1/public/amsfonts/cm/cmsy10.pfb></usr/share/texmf/fonts/type1/public/lm/lmbx10.pfb></usr/share/texmf/fonts/type1/public/lm/lmbx12.pfb></usr/share/texmf/fonts/type1/public/lm/lmcsc10.pfb></usr/share/texmf/fonts/type1/public/lm/lmex10.pfb></usr/share/texmf/fonts/type1/public/lm/lmmi10.pfb></usr/share/texmf/fonts/type1/public/lm/lmmi12.pfb></usr/share/texmf/fonts/type1/public/lm/lmmi6.pfb></usr/share/texmf/fonts/type1/public/lm/lmmi8.pfb></usr/share/texmf/fonts/type1/public/lm/lmmib10.pfb></usr/share/texmf/fonts/type1/public/lm/lmr10.pfb></usr/share/texmf/fonts/type1/public/lm/lmr12.pfb></usr/share/texmf/fonts/type1/public/lm/lmr6.pfb></usr/share/texmf/fonts/type1/public/lm/lmr7.pfb></usr/share/texmf/fonts/type1/public/lm/lmr8.pfb></usr/share/texmf/fonts/type1/public/lm/lmri10.pfb></usr/share/texmf/fonts/type1/public/lm/lmri12.pfb></usr/share/texmf/fonts/type1/public/lm/lmssbx10.pfb></usr/share/texmf/fonts/type1/public/lm/lmsy10.pfb></usr/share/texmf/fonts/type1/public/lm/lmsy8.pfb></usr/share/texmf/fonts/type1/public/lm/lmtt12.pfb></usr/share/texlive/texmf-dist/fonts/type1/public/amsfonts/symbols/msam10.pfb>
Output written on /home/vetle/Documents/emner/FYS-STK4155/FYS-STK4155/project2/tex/project2.pdf (39 pages, 2210714 bytes).
PDF statistics:
 1103 PDF objects out of 1200 (max. 8388607)
 958 compressed objects within 10 object streams
 136 named destinations out of 1000 (max. 500000)
 423 words of extra memory for PDF output out of 10000 (max. 10000000)

