This is pdfTeX, Version 3.14159265-2.6-1.40.21 (TeX Live 2020/Debian) (preloaded format=pdflatex 2021.10.2)  13 OCT 2021 17:56
entering extended mode
 restricted \write18 enabled.
 file:line:error style messages enabled.
 %&-line parsing enabled.
**Project1.tex
(./Project1.tex
LaTeX2e <2020-10-01> patch level 4
L3 programming layer <2021-01-09> xparse <2020-03-03>
(/usr/share/texlive/texmf-dist/tex/latex/revtex4-1/revtex4-1.cls
Document Class: revtex4-1 2020/09/30 4.1s (http://publish.aps.org/revtex4/ for 
documentation)
 Copyright (c) 2009 The American Physical Society.
 mailto:revtex@aps.org
 Licensed under the LPPL:
http://www.ctan.org/tex-archive/macros/latex/base/lppl.txt
 Arthur Ogawa <arthur_ogawa at sbcglobal dot net>
 Based on work by David Carlisle <david at dcarlisle.demon.co.uk>.
ltxutil[2020/09/30 4.1s utilities package (portions licensed from W. E. Baxter 
web at superscript.com)]
LaTeX Info: Redefining \@centercr on input line 346.
Class revtex4-1 Info: Repairing broken LaTeX eqnarray on input line 396.
\eqncolsep=\skip47
Class revtex4-1 Info: Repairing hyperref-unfriendly LaTeX definition of \mpfoot
note on input line 471.
Class revtex4-1 Info: Repairing broken LateX \@sect on input line 793.
\intertabularlinepenalty=\count177
\@tbpen=\count178
\@arstrutbox@hline=\box47
Class revtex4-1 Info: Repairing broken LaTeX \@xbitor on input line 1824.
Class revtex4-1 Info: Making \typeout \long on input line 2089.
ltxfront[2020/09/30 4.1s frontmatter package (AO,DPC)]
\c@affil=\count179
\c@collab=\count180
\absbox=\box48
ltxgrid[2020/09/30 4.1s page grid package (portions licensed from W. E. Baxter 
web at superscript.com)]
\c@linecount=\count181
\output@latex=\toks15
\box@size@1=\box49
\box@size@2=\box50
\@protection@box=\box51
\@topmark@saved=\toks16
\footins@saved=\box52
\footins@recovered=\box53
\column@recovered=\box54
\pagesofar=\box55
\footsofar=\box56
\pagegrid@col=\count182
Class revtex4-1 Info: Overriding \@vspace, \@vspacer, \@no@pgbk, \@newline, and
 \\  on input line 5655.
\c@part=\count183
\c@section=\count184
\c@subsection=\count185
\c@subsubsection=\count186
\c@paragraph=\count187
\c@subparagraph=\count188
\abovecaptionskip=\skip48
\belowcaptionskip=\skip49
\c@figure=\count189
\fbox@1=\box57
\c@table=\count190
\fbox@2=\box58
\c@video=\count191
\fbox@4=\box59
\@bibdataout=\write3
\widetext@top=\box60
\widetext@bot=\box61
Class revtex4-1 Info: Selecting society aps on input line 7616.
(/usr/share/texlive/texmf-dist/tex/latex/revtex4-1/aps4-1.rtx
File: aps4-1 2020/09/30 4.1s (http://publish.aps.org/revtex4/ for documentation
)
Class revtex4-1 Info: RevTeX society APS selected on input line 31.
)

Class revtex4-1 Warning: No journal specified, using default pra.

Class revtex4-1 Info: APS journal PRA selected on input line 7619.
(/usr/share/texlive/texmf-dist/tex/latex/revtex4-1/aps10pt4-1.rtx
File: aps10pt4-1 2020/09/30 4.1s (http://publish.aps.org/revtex4/ for documenta
tion)
Class revtex4-1 Info: RevTeX pointsize 10pt selected on input line 30.
)
(/usr/share/texlive/texmf-dist/tex/latex/textcase/textcase.sty
Package: textcase 2019/09/14 v1.00 Text only upper/lower case changing (DPC)
)
(/usr/share/texlive/texmf-dist/tex/latex/url/url.sty
\Urlmuskip=\muskip16
Package: url 2013/09/16  ver 3.4  Verb mode for urls, etc.
)
(/usr/share/texlive/texmf-dist/tex/latex/natbib/natbib.sty
Package: natbib 2010/09/13 8.31b (PWD, AO)
\bibhang=\skip50
\bibsep=\skip51
LaTeX Info: Redefining \cite on input line 694.
\c@NAT@ctr=\count192
)
Class revtex4-1 Info: Repairing natbib's \BibitemShut on input line 7623.

(/usr/share/texlive/texmf-dist/tex/latex/revtex4-1/revsymb4-1.sty
Package: revsymb4-1 2020/09/30 4.1s (http://publish.aps.org/revtex4/ for docume
ntation)
LaTeX Info: Redefining \REV@mathfrak on input line 119.
))
(/usr/share/texlive/texmf-dist/tex/latex/base/inputenc.sty
Package: inputenc 2020/08/01 v1.3d Input encoding file
\inpenc@prehook=\toks17
\inpenc@posthook=\toks18
)
(/usr/share/texlive/texmf-dist/tex/generic/babel/babel.sty
Package: babel 2021/01/26 3.53 The Babel package

(/usr/share/texlive/texmf-dist/tex/generic/babel/babel.def
File: babel.def 2021/01/26 3.53 Babel common definitions
\babel@savecnt=\count193
\U@D=\dimen138
\l@babelnohyphens=\language86

(/usr/share/texlive/texmf-dist/tex/generic/babel/txtbabel.def)
\bbl@readstream=\read2
)
\bbl@dirlevel=\count194

(/usr/share/texlive/texmf-dist/tex/generic/babel-english/english.ldf
Language: english 2017/06/06 v3.3r English support from the babel system
Package babel Info: \l@canadian = using hyphenrules for english
(babel)             (\language0) on input line 102.
Package babel Info: \l@australian = using hyphenrules for ukenglish
(babel)             (\language40) on input line 105.
Package babel Info: \l@newzealand = using hyphenrules for ukenglish
(babel)             (\language40) on input line 108.
))
(/usr/share/texlive/texmf-dist/tex/latex/base/fontenc.sty
Package: fontenc 2020/08/10 v2.0s Standard LaTeX package
)
(/usr/share/texlive/texmf-dist/tex/latex/physics/physics.sty
Package: physics 

(/usr/share/texlive/texmf-dist/tex/latex/l3packages/xparse/xparse.sty
(/usr/share/texlive/texmf-dist/tex/latex/l3kernel/expl3.sty
Package: expl3 2021-01-09 L3 programming layer (loader) 

(/usr/share/texlive/texmf-dist/tex/latex/l3backend/l3backend-pdftex.def
File: l3backend-pdftex.def 2020-01-29 L3 backend support: PDF output (pdfTeX)
\l__color_backend_stack_int=\count195
\l__pdf_internal_box=\box62
))
Package: xparse 2020-10-27 L3 Experimental document command parser

(/usr/share/texlive/texmf-dist/tex/latex/l3packages/xparse/xparse-generic.tex))
(/usr/share/texlive/texmf-dist/tex/latex/amsmath/amsmath.sty
Package: amsmath 2020/09/23 v2.17i AMS math features
\@mathmargin=\skip52

For additional information on amsmath, use the `?' option.
(/usr/share/texlive/texmf-dist/tex/latex/amsmath/amstext.sty
Package: amstext 2000/06/29 v2.01 AMS text

(/usr/share/texlive/texmf-dist/tex/latex/amsmath/amsgen.sty
File: amsgen.sty 1999/11/30 v2.0 generic functions
\@emptytoks=\toks19
\ex@=\dimen139
)
LaTeX Info: Redefining \text on input line 28.
)
(/usr/share/texlive/texmf-dist/tex/latex/amsmath/amsbsy.sty
Package: amsbsy 1999/11/29 v1.2d Bold Symbols
\pmbraise@=\dimen140
)
(/usr/share/texlive/texmf-dist/tex/latex/amsmath/amsopn.sty
Package: amsopn 2016/03/08 v2.02 operator names
)
\inf@bad=\count196
LaTeX Info: Redefining \frac on input line 234.
\uproot@=\count197
\leftroot@=\count198
LaTeX Info: Redefining \overline on input line 399.
\classnum@=\count199
\DOTSCASE@=\count266
LaTeX Info: Redefining \ldots on input line 496.
LaTeX Info: Redefining \dots on input line 499.
LaTeX Info: Redefining \cdots on input line 620.
\Mathstrutbox@=\box63
\strutbox@=\box64
\big@size=\dimen141
LaTeX Font Info:    Redeclaring font encoding OML on input line 743.
LaTeX Font Info:    Redeclaring font encoding OMS on input line 744.
\macc@depth=\count267
\c@MaxMatrixCols=\count268
\dotsspace@=\muskip17
\c@parentequation=\count269
\dspbrk@lvl=\count270
\tag@help=\toks20
\row@=\count271
\column@=\count272
\maxfields@=\count273
\andhelp@=\toks21
\eqnshift@=\dimen142
\alignsep@=\dimen143
\tagshift@=\dimen144
\tagwidth@=\dimen145
\totwidth@=\dimen146
\lineht@=\dimen147
\@envbody=\toks22
\multlinegap=\skip53
\multlinetaggap=\skip54
\mathdisplay@stack=\toks23
LaTeX Info: Redefining \[ on input line 2923.
LaTeX Info: Redefining \] on input line 2924.
))
(/usr/share/texlive/texmf-dist/tex/latex/amsfonts/amssymb.sty
Package: amssymb 2013/01/14 v3.01 AMS font symbols

(/usr/share/texlive/texmf-dist/tex/latex/amsfonts/amsfonts.sty
Package: amsfonts 2013/01/14 v3.01 Basic AMSFonts support
\symAMSa=\mathgroup4
\symAMSb=\mathgroup5
LaTeX Font Info:    Redeclaring math symbol \hbar on input line 98.
LaTeX Font Info:    Overwriting math alphabet `\mathfrak' in version `bold'
(Font)                  U/euf/m/n --> U/euf/b/n on input line 106.
LaTeX Info: Redefining \frak on input line 111.
LaTeX Info: Redefining \Bbb on input line 113.
))
(/usr/share/texlive/texmf-dist/tex/latex/graphics/graphicx.sty
Package: graphicx 2020/09/09 v1.2b Enhanced LaTeX Graphics (DPC,SPQR)

(/usr/share/texlive/texmf-dist/tex/latex/graphics/keyval.sty
Package: keyval 2014/10/28 v1.15 key=value parser (DPC)
\KV@toks@=\toks24
)
(/usr/share/texlive/texmf-dist/tex/latex/graphics/graphics.sty
Package: graphics 2020/08/30 v1.4c Standard LaTeX Graphics (DPC,SPQR)

(/usr/share/texlive/texmf-dist/tex/latex/graphics/trig.sty
Package: trig 2016/01/03 v1.10 sin cos tan (DPC)
)
(/usr/share/texlive/texmf-dist/tex/latex/graphics-cfg/graphics.cfg
File: graphics.cfg 2016/06/04 v1.11 sample graphics configuration
)
Package graphics Info: Driver file: pdftex.def on input line 105.

(/usr/share/texlive/texmf-dist/tex/latex/graphics-def/pdftex.def
File: pdftex.def 2020/10/05 v1.2a Graphics/color driver for pdftex
))
\Gin@req@height=\dimen148
\Gin@req@width=\dimen149
)
(/usr/share/texlive/texmf-dist/tex/latex/tools/bm.sty
Package: bm 2019/07/24 v1.2d Bold Symbol Support (DPC/FMi)
\symboldoperators=\mathgroup6
\symboldletters=\mathgroup7
\symboldsymbols=\mathgroup8
LaTeX Font Info:    Redeclaring math alphabet \mathbf on input line 141.
LaTeX Info: Redefining \bm on input line 209.
)
(/usr/share/texlive/texmf-dist/tex/latex/was/upgreek.sty
Package: upgreek 2003/02/12 v2.0 (WaS)
Package upgreek Info: Using Euler Roman for upright Greek on input line 31.
\symugrf@m=\mathgroup9
LaTeX Font Info:    Overwriting symbol font `ugrf@m' in version `bold'
(Font)                  U/eur/m/n --> U/eur/b/n on input line 38.
)
(/usr/share/texlive/texmf-dist/tex/latex/float/float.sty
Package: float 2001/11/08 v1.3d Float enhancements (AL)
\c@float@type=\count274
\float@exts=\toks25
\float@box=\box65
\@float@everytoks=\toks26
\@floatcapt=\box66
)
(/usr/share/texlive/texmf-dist/tex/latex/xcolor/xcolor.sty
Package: xcolor 2016/05/11 v2.12 LaTeX color extensions (UK)

(/usr/share/texlive/texmf-dist/tex/latex/graphics-cfg/color.cfg
File: color.cfg 2016/01/02 v1.6 sample color configuration
)
Package xcolor Info: Driver file: pdftex.def on input line 225.

(/usr/share/texlive/texmf-dist/tex/latex/colortbl/colortbl.sty
Package: colortbl 2020/01/04 v1.0e Color table columns (DPC)

(/usr/share/texlive/texmf-dist/tex/latex/tools/array.sty
Package: array 2020/10/01 v2.5c Tabular extension package (FMi)
\col@sep=\dimen150
\ar@mcellbox=\box67
\extrarowheight=\dimen151
\NC@list=\toks27
\extratabsurround=\skip55
\backup@length=\skip56
\ar@cellbox=\box68
)
\everycr=\toks28
\minrowclearance=\skip57
)
\rownum=\count275
Package xcolor Info: Model `cmy' substituted by `cmy0' on input line 1348.
Package xcolor Info: Model `hsb' substituted by `rgb' on input line 1352.
Package xcolor Info: Model `RGB' extended on input line 1364.
Package xcolor Info: Model `HTML' substituted by `rgb' on input line 1366.
Package xcolor Info: Model `Hsb' substituted by `hsb' on input line 1367.
Package xcolor Info: Model `tHsb' substituted by `hsb' on input line 1368.
Package xcolor Info: Model `HSB' substituted by `hsb' on input line 1369.
Package xcolor Info: Model `Gray' substituted by `gray' on input line 1370.
Package xcolor Info: Model `wave' substituted by `hsb' on input line 1371.
)
(/usr/share/texlive/texmf-dist/tex/latex/hyperref/hyperref.sty
Package: hyperref 2020-05-15 v7.00e Hypertext links for LaTeX

(/usr/share/texlive/texmf-dist/tex/generic/ltxcmds/ltxcmds.sty
Package: ltxcmds 2020-05-10 v1.25 LaTeX kernel commands for general use (HO)
)
(/usr/share/texlive/texmf-dist/tex/generic/iftex/iftex.sty
Package: iftex 2020/03/06 v1.0d TeX engine tests
)
(/usr/share/texlive/texmf-dist/tex/generic/pdftexcmds/pdftexcmds.sty
Package: pdftexcmds 2020-06-27 v0.33 Utility functions of pdfTeX for LuaTeX (HO
)

(/usr/share/texlive/texmf-dist/tex/generic/infwarerr/infwarerr.sty
Package: infwarerr 2019/12/03 v1.5 Providing info/warning/error messages (HO)
)
Package pdftexcmds Info: \pdf@primitive is available.
Package pdftexcmds Info: \pdf@ifprimitive is available.
Package pdftexcmds Info: \pdfdraftmode found.
)
(/usr/share/texlive/texmf-dist/tex/generic/kvsetkeys/kvsetkeys.sty
Package: kvsetkeys 2019/12/15 v1.18 Key value parser (HO)
)
(/usr/share/texlive/texmf-dist/tex/generic/kvdefinekeys/kvdefinekeys.sty
Package: kvdefinekeys 2019-12-19 v1.6 Define keys (HO)
)
(/usr/share/texlive/texmf-dist/tex/generic/pdfescape/pdfescape.sty
Package: pdfescape 2019/12/09 v1.15 Implements pdfTeX's escape features (HO)
)
(/usr/share/texlive/texmf-dist/tex/latex/hycolor/hycolor.sty
Package: hycolor 2020-01-27 v1.10 Color options for hyperref/bookmark (HO)
)
(/usr/share/texlive/texmf-dist/tex/latex/letltxmacro/letltxmacro.sty
Package: letltxmacro 2019/12/03 v1.6 Let assignment for LaTeX macros (HO)
)
(/usr/share/texlive/texmf-dist/tex/latex/auxhook/auxhook.sty
Package: auxhook 2019-12-17 v1.6 Hooks for auxiliary files (HO)
)
(/usr/share/texlive/texmf-dist/tex/latex/kvoptions/kvoptions.sty
Package: kvoptions 2020-10-07 v3.14 Key value format for package options (HO)
)
\@linkdim=\dimen152
\Hy@linkcounter=\count276
\Hy@pagecounter=\count277

(/usr/share/texlive/texmf-dist/tex/latex/hyperref/pd1enc.def
File: pd1enc.def 2020-05-15 v7.00e Hyperref: PDFDocEncoding definition (HO)
Now handling font encoding PD1 ...
... no UTF-8 mapping file for font encoding PD1
)
(/usr/share/texlive/texmf-dist/tex/generic/intcalc/intcalc.sty
Package: intcalc 2019/12/15 v1.3 Expandable calculations with integers (HO)
)
(/usr/share/texlive/texmf-dist/tex/generic/etexcmds/etexcmds.sty
Package: etexcmds 2019/12/15 v1.7 Avoid name clashes with e-TeX commands (HO)
)
\Hy@SavedSpaceFactor=\count278
Package hyperref Info: Hyper figures OFF on input line 4464.
Package hyperref Info: Link nesting OFF on input line 4469.
Package hyperref Info: Hyper index ON on input line 4472.
Package hyperref Info: Plain pages OFF on input line 4479.
Package hyperref Info: Backreferencing OFF on input line 4484.
Package hyperref Info: Implicit mode ON; LaTeX internals redefined.
Package hyperref Info: Bookmarks ON on input line 4717.
LaTeX Info: Redefining \href on input line 4987.
\c@Hy@tempcnt=\count279
LaTeX Info: Redefining \url on input line 5076.
\XeTeXLinkMargin=\dimen153

(/usr/share/texlive/texmf-dist/tex/generic/bitset/bitset.sty
Package: bitset 2019/12/09 v1.3 Handle bit-vector datatype (HO)

(/usr/share/texlive/texmf-dist/tex/generic/bigintcalc/bigintcalc.sty
Package: bigintcalc 2019/12/15 v1.5 Expandable calculations on big integers (HO
)
))
\Fld@menulength=\count280
\Field@Width=\dimen154
\Fld@charsize=\dimen155
Package hyperref Info: Hyper figures OFF on input line 6347.
Package hyperref Info: Link nesting OFF on input line 6352.
Package hyperref Info: Hyper index ON on input line 6355.
Package hyperref Info: backreferencing OFF on input line 6362.
Package hyperref Info: Link coloring OFF on input line 6367.
Package hyperref Info: Link coloring with OCG OFF on input line 6372.
Package hyperref Info: PDF/A mode OFF on input line 6377.
LaTeX Info: Redefining \ref on input line 6417.
LaTeX Info: Redefining \pageref on input line 6421.

(/usr/share/texlive/texmf-dist/tex/latex/base/atbegshi-ltx.sty
Package: atbegshi-ltx 2020/08/17 v1.0a Emulation of the original atbegshi packa
ge
with kernel methods
)
\Hy@abspage=\count281
\c@Item=\count282
\c@Hfootnote=\count283
)
Package hyperref Info: Driver (autodetected): hpdftex.

(/usr/share/texlive/texmf-dist/tex/latex/hyperref/hpdftex.def
File: hpdftex.def 2020-05-15 v7.00e Hyperref driver for pdfTeX

(/usr/share/texlive/texmf-dist/tex/latex/base/atveryend-ltx.sty
Package: atveryend-ltx 2020/08/19 v1.0a Emulation of the original atvery packag
e
with kernel methods
)
\Fld@listcount=\count284
\c@bookmark@seq@number=\count285

(/usr/share/texlive/texmf-dist/tex/latex/rerunfilecheck/rerunfilecheck.sty
Package: rerunfilecheck 2019/12/05 v1.9 Rerun checks for auxiliary files (HO)

(/usr/share/texlive/texmf-dist/tex/generic/uniquecounter/uniquecounter.sty
Package: uniquecounter 2019/12/15 v1.4 Provide unlimited unique counter (HO)
)
Package uniquecounter Info: New unique counter `rerunfilecheck' on input line 2
86.
)
\Hy@SectionHShift=\skip58
)
(/usr/share/texlive/texmf-dist/tex/latex/pgf/frontendlayer/tikz.sty
(/usr/share/texlive/texmf-dist/tex/latex/pgf/basiclayer/pgf.sty
(/usr/share/texlive/texmf-dist/tex/latex/pgf/utilities/pgfrcs.sty
(/usr/share/texlive/texmf-dist/tex/generic/pgf/utilities/pgfutil-common.tex
\pgfutil@everybye=\toks29
\pgfutil@tempdima=\dimen156
\pgfutil@tempdimb=\dimen157

(/usr/share/texlive/texmf-dist/tex/generic/pgf/utilities/pgfutil-common-lists.t
ex)) (/usr/share/texlive/texmf-dist/tex/generic/pgf/utilities/pgfutil-latex.def
\pgfutil@abb=\box69
) (/usr/share/texlive/texmf-dist/tex/generic/pgf/utilities/pgfrcs.code.tex
(/usr/share/texlive/texmf-dist/tex/generic/pgf/pgf.revision.tex)
Package: pgfrcs 2020/12/27 v3.1.8b (3.1.8b)
))
Package: pgf 2020/12/27 v3.1.8b (3.1.8b)

(/usr/share/texlive/texmf-dist/tex/latex/pgf/basiclayer/pgfcore.sty
(/usr/share/texlive/texmf-dist/tex/latex/pgf/systemlayer/pgfsys.sty
(/usr/share/texlive/texmf-dist/tex/generic/pgf/systemlayer/pgfsys.code.tex
Package: pgfsys 2020/12/27 v3.1.8b (3.1.8b)

(/usr/share/texlive/texmf-dist/tex/generic/pgf/utilities/pgfkeys.code.tex
\pgfkeys@pathtoks=\toks30
\pgfkeys@temptoks=\toks31

(/usr/share/texlive/texmf-dist/tex/generic/pgf/utilities/pgfkeysfiltered.code.t
ex
\pgfkeys@tmptoks=\toks32
))
\pgf@x=\dimen158
\pgf@y=\dimen159
\pgf@xa=\dimen160
\pgf@ya=\dimen161
\pgf@xb=\dimen162
\pgf@yb=\dimen163
\pgf@xc=\dimen164
\pgf@yc=\dimen165
\pgf@xd=\dimen166
\pgf@yd=\dimen167
\w@pgf@writea=\write4
\r@pgf@reada=\read3
\c@pgf@counta=\count286
\c@pgf@countb=\count287
\c@pgf@countc=\count288
\c@pgf@countd=\count289
\t@pgf@toka=\toks33
\t@pgf@tokb=\toks34
\t@pgf@tokc=\toks35
\pgf@sys@id@count=\count290
 (/usr/share/texlive/texmf-dist/tex/generic/pgf/systemlayer/pgf.cfg
File: pgf.cfg 2020/12/27 v3.1.8b (3.1.8b)
)
Driver file for pgf: pgfsys-pdftex.def

(/usr/share/texlive/texmf-dist/tex/generic/pgf/systemlayer/pgfsys-pdftex.def
File: pgfsys-pdftex.def 2020/12/27 v3.1.8b (3.1.8b)

(/usr/share/texlive/texmf-dist/tex/generic/pgf/systemlayer/pgfsys-common-pdf.de
f
File: pgfsys-common-pdf.def 2020/12/27 v3.1.8b (3.1.8b)
)))
(/usr/share/texlive/texmf-dist/tex/generic/pgf/systemlayer/pgfsyssoftpath.code.
tex
File: pgfsyssoftpath.code.tex 2020/12/27 v3.1.8b (3.1.8b)
\pgfsyssoftpath@smallbuffer@items=\count291
\pgfsyssoftpath@bigbuffer@items=\count292
)
(/usr/share/texlive/texmf-dist/tex/generic/pgf/systemlayer/pgfsysprotocol.code.
tex
File: pgfsysprotocol.code.tex 2020/12/27 v3.1.8b (3.1.8b)
))
(/usr/share/texlive/texmf-dist/tex/generic/pgf/basiclayer/pgfcore.code.tex
Package: pgfcore 2020/12/27 v3.1.8b (3.1.8b)

(/usr/share/texlive/texmf-dist/tex/generic/pgf/math/pgfmath.code.tex
(/usr/share/texlive/texmf-dist/tex/generic/pgf/math/pgfmathcalc.code.tex
(/usr/share/texlive/texmf-dist/tex/generic/pgf/math/pgfmathutil.code.tex)
(/usr/share/texlive/texmf-dist/tex/generic/pgf/math/pgfmathparser.code.tex
\pgfmath@dimen=\dimen168
\pgfmath@count=\count293
\pgfmath@box=\box70
\pgfmath@toks=\toks36
\pgfmath@stack@operand=\toks37
\pgfmath@stack@operation=\toks38
)
(/usr/share/texlive/texmf-dist/tex/generic/pgf/math/pgfmathfunctions.code.tex
(/usr/share/texlive/texmf-dist/tex/generic/pgf/math/pgfmathfunctions.basic.code
.tex)
(/usr/share/texlive/texmf-dist/tex/generic/pgf/math/pgfmathfunctions.trigonomet
ric.code.tex)
(/usr/share/texlive/texmf-dist/tex/generic/pgf/math/pgfmathfunctions.random.cod
e.tex)
(/usr/share/texlive/texmf-dist/tex/generic/pgf/math/pgfmathfunctions.comparison
.code.tex)
(/usr/share/texlive/texmf-dist/tex/generic/pgf/math/pgfmathfunctions.base.code.
tex)
(/usr/share/texlive/texmf-dist/tex/generic/pgf/math/pgfmathfunctions.round.code
.tex)
(/usr/share/texlive/texmf-dist/tex/generic/pgf/math/pgfmathfunctions.misc.code.
tex)
(/usr/share/texlive/texmf-dist/tex/generic/pgf/math/pgfmathfunctions.integerari
thmetics.code.tex)))
(/usr/share/texlive/texmf-dist/tex/generic/pgf/math/pgfmathfloat.code.tex
\c@pgfmathroundto@lastzeros=\count294
))
(/usr/share/texlive/texmf-dist/tex/generic/pgf/math/pgfint.code.tex)
(/usr/share/texlive/texmf-dist/tex/generic/pgf/basiclayer/pgfcorepoints.code.te
x
File: pgfcorepoints.code.tex 2020/12/27 v3.1.8b (3.1.8b)
\pgf@picminx=\dimen169
\pgf@picmaxx=\dimen170
\pgf@picminy=\dimen171
\pgf@picmaxy=\dimen172
\pgf@pathminx=\dimen173
\pgf@pathmaxx=\dimen174
\pgf@pathminy=\dimen175
\pgf@pathmaxy=\dimen176
\pgf@xx=\dimen177
\pgf@xy=\dimen178
\pgf@yx=\dimen179
\pgf@yy=\dimen180
\pgf@zx=\dimen181
\pgf@zy=\dimen182
)
(/usr/share/texlive/texmf-dist/tex/generic/pgf/basiclayer/pgfcorepathconstruct.
code.tex
File: pgfcorepathconstruct.code.tex 2020/12/27 v3.1.8b (3.1.8b)
\pgf@path@lastx=\dimen183
\pgf@path@lasty=\dimen184
)
(/usr/share/texlive/texmf-dist/tex/generic/pgf/basiclayer/pgfcorepathusage.code
.tex
File: pgfcorepathusage.code.tex 2020/12/27 v3.1.8b (3.1.8b)
\pgf@shorten@end@additional=\dimen185
\pgf@shorten@start@additional=\dimen186
)
(/usr/share/texlive/texmf-dist/tex/generic/pgf/basiclayer/pgfcorescopes.code.te
x
File: pgfcorescopes.code.tex 2020/12/27 v3.1.8b (3.1.8b)
\pgfpic=\box71
\pgf@hbox=\box72
\pgf@layerbox@main=\box73
\pgf@picture@serial@count=\count295
)
(/usr/share/texlive/texmf-dist/tex/generic/pgf/basiclayer/pgfcoregraphicstate.c
ode.tex
File: pgfcoregraphicstate.code.tex 2020/12/27 v3.1.8b (3.1.8b)
\pgflinewidth=\dimen187
)
(/usr/share/texlive/texmf-dist/tex/generic/pgf/basiclayer/pgfcoretransformation
s.code.tex
File: pgfcoretransformations.code.tex 2020/12/27 v3.1.8b (3.1.8b)
\pgf@pt@x=\dimen188
\pgf@pt@y=\dimen189
\pgf@pt@temp=\dimen190
)
(/usr/share/texlive/texmf-dist/tex/generic/pgf/basiclayer/pgfcorequick.code.tex
File: pgfcorequick.code.tex 2020/12/27 v3.1.8b (3.1.8b)
)
(/usr/share/texlive/texmf-dist/tex/generic/pgf/basiclayer/pgfcoreobjects.code.t
ex
File: pgfcoreobjects.code.tex 2020/12/27 v3.1.8b (3.1.8b)
)
(/usr/share/texlive/texmf-dist/tex/generic/pgf/basiclayer/pgfcorepathprocessing
.code.tex
File: pgfcorepathprocessing.code.tex 2020/12/27 v3.1.8b (3.1.8b)
)
(/usr/share/texlive/texmf-dist/tex/generic/pgf/basiclayer/pgfcorearrows.code.te
x
File: pgfcorearrows.code.tex 2020/12/27 v3.1.8b (3.1.8b)
\pgfarrowsep=\dimen191
)
(/usr/share/texlive/texmf-dist/tex/generic/pgf/basiclayer/pgfcoreshade.code.tex
File: pgfcoreshade.code.tex 2020/12/27 v3.1.8b (3.1.8b)
\pgf@max=\dimen192
\pgf@sys@shading@range@num=\count296
\pgf@shadingcount=\count297
)
(/usr/share/texlive/texmf-dist/tex/generic/pgf/basiclayer/pgfcoreimage.code.tex
File: pgfcoreimage.code.tex 2020/12/27 v3.1.8b (3.1.8b)

(/usr/share/texlive/texmf-dist/tex/generic/pgf/basiclayer/pgfcoreexternal.code.
tex
File: pgfcoreexternal.code.tex 2020/12/27 v3.1.8b (3.1.8b)
\pgfexternal@startupbox=\box74
))
(/usr/share/texlive/texmf-dist/tex/generic/pgf/basiclayer/pgfcorelayers.code.te
x
File: pgfcorelayers.code.tex 2020/12/27 v3.1.8b (3.1.8b)
)
(/usr/share/texlive/texmf-dist/tex/generic/pgf/basiclayer/pgfcoretransparency.c
ode.tex
File: pgfcoretransparency.code.tex 2020/12/27 v3.1.8b (3.1.8b)
)
(/usr/share/texlive/texmf-dist/tex/generic/pgf/basiclayer/pgfcorepatterns.code.
tex
File: pgfcorepatterns.code.tex 2020/12/27 v3.1.8b (3.1.8b)
)
(/usr/share/texlive/texmf-dist/tex/generic/pgf/basiclayer/pgfcorerdf.code.tex
File: pgfcorerdf.code.tex 2020/12/27 v3.1.8b (3.1.8b)
)))
(/usr/share/texlive/texmf-dist/tex/generic/pgf/modules/pgfmoduleshapes.code.tex
File: pgfmoduleshapes.code.tex 2020/12/27 v3.1.8b (3.1.8b)
\pgfnodeparttextbox=\box75
) (/usr/share/texlive/texmf-dist/tex/generic/pgf/modules/pgfmoduleplot.code.tex
File: pgfmoduleplot.code.tex 2020/12/27 v3.1.8b (3.1.8b)
)
(/usr/share/texlive/texmf-dist/tex/latex/pgf/compatibility/pgfcomp-version-0-65
.sty
Package: pgfcomp-version-0-65 2020/12/27 v3.1.8b (3.1.8b)
\pgf@nodesepstart=\dimen193
\pgf@nodesepend=\dimen194
)
(/usr/share/texlive/texmf-dist/tex/latex/pgf/compatibility/pgfcomp-version-1-18
.sty
Package: pgfcomp-version-1-18 2020/12/27 v3.1.8b (3.1.8b)
)) (/usr/share/texlive/texmf-dist/tex/latex/pgf/utilities/pgffor.sty
(/usr/share/texlive/texmf-dist/tex/latex/pgf/utilities/pgfkeys.sty
(/usr/share/texlive/texmf-dist/tex/generic/pgf/utilities/pgfkeys.code.tex))
(/usr/share/texlive/texmf-dist/tex/latex/pgf/math/pgfmath.sty
(/usr/share/texlive/texmf-dist/tex/generic/pgf/math/pgfmath.code.tex))
(/usr/share/texlive/texmf-dist/tex/generic/pgf/utilities/pgffor.code.tex
Package: pgffor 2020/12/27 v3.1.8b (3.1.8b)

(/usr/share/texlive/texmf-dist/tex/generic/pgf/math/pgfmath.code.tex)
\pgffor@iter=\dimen195
\pgffor@skip=\dimen196
\pgffor@stack=\toks39
\pgffor@toks=\toks40
))
(/usr/share/texlive/texmf-dist/tex/generic/pgf/frontendlayer/tikz/tikz.code.tex
Package: tikz 2020/12/27 v3.1.8b (3.1.8b)

(/usr/share/texlive/texmf-dist/tex/generic/pgf/libraries/pgflibraryplothandlers
.code.tex
File: pgflibraryplothandlers.code.tex 2020/12/27 v3.1.8b (3.1.8b)
\pgf@plot@mark@count=\count298
\pgfplotmarksize=\dimen197
)
\tikz@lastx=\dimen198
\tikz@lasty=\dimen199
\tikz@lastxsaved=\dimen256
\tikz@lastysaved=\dimen257
\tikz@lastmovetox=\dimen258
\tikz@lastmovetoy=\dimen259
\tikzleveldistance=\dimen260
\tikzsiblingdistance=\dimen261
\tikz@figbox=\box76
\tikz@figbox@bg=\box77
\tikz@tempbox=\box78
\tikz@tempbox@bg=\box79
\tikztreelevel=\count299
\tikznumberofchildren=\count300
\tikznumberofcurrentchild=\count301
\tikz@fig@count=\count302

(/usr/share/texlive/texmf-dist/tex/generic/pgf/modules/pgfmodulematrix.code.tex
File: pgfmodulematrix.code.tex 2020/12/27 v3.1.8b (3.1.8b)
\pgfmatrixcurrentrow=\count303
\pgfmatrixcurrentcolumn=\count304
\pgf@matrix@numberofcolumns=\count305
)
\tikz@expandcount=\count306

(/usr/share/texlive/texmf-dist/tex/generic/pgf/frontendlayer/tikz/libraries/tik
zlibrarytopaths.code.tex
File: tikzlibrarytopaths.code.tex 2020/12/27 v3.1.8b (3.1.8b)
)))
(/usr/share/texlive/texmf-dist/tex/latex/listings/listings.sty
\lst@mode=\count307
\lst@gtempboxa=\box80
\lst@token=\toks41
\lst@length=\count308
\lst@currlwidth=\dimen262
\lst@column=\count309
\lst@pos=\count310
\lst@lostspace=\dimen263
\lst@width=\dimen264
\lst@newlines=\count311
\lst@lineno=\count312
\lst@maxwidth=\dimen265

(/usr/share/texlive/texmf-dist/tex/latex/listings/lstmisc.sty
File: lstmisc.sty 2020/03/24 1.8d (Carsten Heinz)
\c@lstnumber=\count313
\lst@skipnumbers=\count314
\lst@framebox=\box81
)
(/usr/share/texlive/texmf-dist/tex/latex/listings/listings.cfg
File: listings.cfg 2020/03/24 1.8d listings configuration
))
Package: listings 2020/03/24 1.8d (Carsten Heinz)

(/usr/share/texlive/texmf-dist/tex/latex/subfigure/subfigure.sty
Package: subfigure 2002/03/15 v2.1.5 subfigure package
\subfigtopskip=\skip59
\subfigcapskip=\skip60
\subfigcaptopadj=\dimen266
\subfigbottomskip=\skip61
\subfigcapmargin=\dimen267
\subfiglabelskip=\skip62
\c@subfigure=\count315
\c@lofdepth=\count316
\c@subtable=\count317
\c@lotdepth=\count318

****************************************
* Local config file subfigure.cfg used *
****************************************
(/usr/share/texlive/texmf-dist/tex/latex/subfigure/subfigure.cfg)
\subfig@top=\skip63
\subfig@bottom=\skip64
)
(/usr/share/texlive/texmf-dist/tex/latex/tools/verbatim.sty
Package: verbatim 2020-07-07 v1.5u LaTeX2e package for verbatim enhancements
\every@verbatim=\toks42
\verbatim@line=\toks43
\verbatim@in@stream=\read4
)
(/usr/share/texlive/texmf-dist/tex/latex/adjustbox/adjustbox.sty
Package: adjustbox 2020/08/19 v1.3 Adjusting TeX boxes (trim, clip, ...)

(/usr/share/texlive/texmf-dist/tex/latex/xkeyval/xkeyval.sty
Package: xkeyval 2020/11/20 v2.8 package option processing (HA)

(/usr/share/texlive/texmf-dist/tex/generic/xkeyval/xkeyval.tex
(/usr/share/texlive/texmf-dist/tex/generic/xkeyval/xkvutils.tex
\XKV@toks=\toks44
\XKV@tempa@toks=\toks45
)
\XKV@depth=\count319
File: xkeyval.tex 2014/12/03 v2.7a key=value parser (HA)
))
(/usr/share/texlive/texmf-dist/tex/latex/adjustbox/adjcalc.sty
Package: adjcalc 2012/05/16 v1.1 Provides advanced setlength with multiple back
-ends (calc, etex, pgfmath)
)
(/usr/share/texlive/texmf-dist/tex/latex/adjustbox/trimclip.sty
Package: trimclip 2020/08/19 v1.2 Trim and clip general TeX material

(/usr/share/texlive/texmf-dist/tex/latex/collectbox/collectbox.sty
Package: collectbox 2012/05/17 v0.4b Collect macro arguments as boxes
\collectedbox=\box82
)
\tc@llx=\dimen268
\tc@lly=\dimen269
\tc@urx=\dimen270
\tc@ury=\dimen271
Package trimclip Info: Using driver 'tc-pdftex.def'.

(/usr/share/texlive/texmf-dist/tex/latex/adjustbox/tc-pdftex.def
File: tc-pdftex.def 2019/01/04 v2.2 Clipping driver for pdftex
))
\adjbox@Width=\dimen272
\adjbox@Height=\dimen273
\adjbox@Depth=\dimen274
\adjbox@Totalheight=\dimen275
\adjbox@pwidth=\dimen276
\adjbox@pheight=\dimen277
\adjbox@pdepth=\dimen278
\adjbox@ptotalheight=\dimen279

(/usr/share/texlive/texmf-dist/tex/latex/ifoddpage/ifoddpage.sty
Package: ifoddpage 2016/04/23 v1.1 Conditionals for odd/even page detection
\c@checkoddpage=\count320
)
(/usr/share/texlive/texmf-dist/tex/latex/varwidth/varwidth.sty
Package: varwidth 2009/03/30 ver 0.92;  Variable-width minipages
\@vwid@box=\box83
\sift@deathcycles=\count321
\@vwid@loff=\dimen280
\@vwid@roff=\dimen281
))
(/usr/share/texlive/texmf-dist/tex/latex/psnfss/mathpazo.sty
Package: mathpazo 2020/03/25 PSNFSS-v9.3 Palatino w/ Pazo Math (D.Puga, WaS) 
\symupright=\mathgroup10
)
(/usr/share/texlive/texmf-dist/tex/latex/siunitx/siunitx.sty
Package: siunitx 2020/02/25 v2.8b A comprehensive (SI) units package

(/usr/share/texlive/texmf-dist/tex/latex/l3packages/l3keys2e/l3keys2e.sty
Package: l3keys2e 2020-10-27 LaTeX2e option processing using LaTeX3 keys
)
\l__siunitx_tmp_box=\box84
\l__siunitx_tmp_dim=\dimen282
\l__siunitx_tmp_int=\count322
\l__siunitx_number_mantissa_length_int=\count323
\l__siunitx_number_uncert_length_int=\count324
\l__siunitx_round_int=\count325
\l__siunitx_process_decimal_int=\count326
\l__siunitx_process_uncertainty_int=\count327
\l__siunitx_process_fixed_int=\count328
\l__siunitx_process_integer_min_int=\count329
\l__siunitx_process_precision_int=\count330
\l__siunitx_group_min_int=\count331
\l__siunitx_angle_marker_box=\box85
\l__siunitx_angle_unit_box=\box86
\l__siunitx_angle_marker_dim=\dimen283
\l__siunitx_angle_unit_dim=\dimen284
\l__siunitx_unit_int=\count332
\l__siunitx_unit_denominator_int=\count333
\l__siunitx_unit_numerator_int=\count334
\l__siunitx_unit_prefix_int=\count335
\l__siunitx_unit_prefix_base_int=\count336
\l__siunitx_unit_prefix_gram_int=\count337
\l__siunitx_number_product_int=\count338
\c__siunitx_one_fill_skip=\skip65
\l__siunitx_table_unit_align_skip=\skip66
\l__siunitx_table_exponent_dim=\dimen285
\l__siunitx_table_integer_dim=\dimen286
\l__siunitx_table_mantissa_dim=\dimen287
\l__siunitx_table_marker_dim=\dimen288
\l__siunitx_table_result_dim=\dimen289
\l__siunitx_table_uncert_dim=\dimen290
\l__siunitx_table_fill_pre_dim=\dimen291
\l__siunitx_table_fill_post_dim=\dimen292
\l__siunitx_table_fill_mid_dim=\dimen293
\l__siunitx_table_pre_box=\box87
\l__siunitx_table_post_box=\box88
\l__siunitx_table_mantissa_box=\box89
\l__siunitx_table_result_box=\box90
\l__siunitx_table_number_align_skip=\skip67
\l__siunitx_table_text_align_skip=\skip68

(/usr/share/texlive/texmf-dist/tex/latex/translator/translator.sty
Package: translator 2020-08-03 v1.12c Easy translation of strings in LaTeX
))
(/usr/share/texlive/texmf-dist/tex/latex/kantlipsum/kantlipsum.sty
Package: kantlipsum 2019/07/23 v0.8 Generate text in Kantian style
\l__kgl_start_int=\count339
\l__kgl_end_int=\count340

Package kantlipsum Info: The package provides paragraphs 1 to 164. Values
(kantlipsum)             outside this range will be ignored.

)
(/usr/share/texlive/texmf-dist/tex/latex/bigints/bigints.sty
Package: bigints 2010/02/15 Writing big integrals
Package bigints Info: This is Bigints by Merciadri Luca. on input line 5.
)
(/usr/share/texlive/texmf-dist/tex/latex/multirow/multirow.sty
Package: multirow 2021/01/29 v2.7 Span multiple rows of a table
\multirow@colwidth=\skip69
\multirow@cntb=\count341
\multirow@dima=\skip70
\bigstrutjot=\dimen294
)
(/usr/share/texlive/texmf-dist/tex/latex/geometry/geometry.sty
Package: geometry 2020/01/02 v5.9 Page Geometry

(/usr/share/texlive/texmf-dist/tex/generic/iftex/ifvtex.sty
Package: ifvtex 2019/10/25 v1.7 ifvtex legacy package. Use iftex instead.
)
\Gm@cnth=\count342
\Gm@cntv=\count343
\c@Gm@tempcnt=\count344
\Gm@bindingoffset=\dimen295
\Gm@wd@mp=\dimen296
\Gm@odd@mp=\dimen297
\Gm@even@mp=\dimen298
\Gm@layoutwidth=\dimen299
\Gm@layoutheight=\dimen300
\Gm@layouthoffset=\dimen301
\Gm@layoutvoffset=\dimen302
\Gm@dimlist=\toks46
)
(/usr/share/texlive/texmf-dist/tex/latex/algorithm2e/algorithm2e.sty
Package: algorithm2e 2017/07/18 v5.2 algorithms environments
\c@AlgoLine=\count345

(/usr/share/texlive/texmf-dist/tex/latex/base/ifthen.sty
Package: ifthen 2014/09/29 v1.1c Standard LaTeX ifthen package (DPC)
)
\algocf@hangindent=\skip71

(/usr/share/texlive/texmf-dist/tex/latex/tools/xspace.sty
Package: xspace 2014/10/28 v1.13 Space after command names (DPC,MH)
)
(/usr/share/texlive/texmf-dist/tex/latex/relsize/relsize.sty
Package: relsize 2013/03/29 ver 4.1
)
\skiptotal=\skip72
\skiplinenumber=\skip73
\skiprule=\skip74
\skiphlne=\skip75
\skiptext=\skip76
\skiplength=\skip77
\algomargin=\skip78
\skipalgocfslide=\skip79
\algowidth=\dimen303
\inoutsize=\dimen304
\inoutindent=\dimen305
\interspacetitleruled=\dimen306
\interspacealgoruled=\dimen307
\interspacetitleboxruled=\dimen308
\algocf@ruledwidth=\skip80
\algocf@inoutbox=\box91
\algocf@inputbox=\box92
\AlCapSkip=\skip81
\AlCapHSkip=\skip82
\algoskipindent=\skip83
\algocf@nlbox=\box93
\algocf@hangingbox=\box94
\algocf@untilbox=\box95
\algocf@skipuntil=\skip84
\algocf@capbox=\box96
\algocf@lcaptionbox=\skip85
\algoheightruledefault=\skip86
\algoheightrule=\skip87
\algotitleheightruledefault=\skip88
\algotitleheightrule=\skip89
\c@algocfline=\count346
\c@algocfproc=\count347
\c@algocf=\count348
\algocf@algoframe=\box97
\algocf@algobox=\box98
)
Package hyperref Info: Option `colorlinks' set `true' on input line 42.

(/usr/share/texlive/texmf-dist/tex/latex/listings/lstlang1.sty
File: lstlang1.sty 2020/03/24 1.8d listings language file
)
Class revtex4-1 Info: colortbl package is loaded. (Proceeding with fingers cros
sed.) on input line 85.


Class revtex4-1 Warning: Repair the float package.

Class revtex4-1 Info: cite was not loaded (OK!) on input line 85.
Class revtex4-1 Info: mcite was not loaded (OK!) on input line 85.
Class revtex4-1 Info: multicol was not loaded (OK!) on input line 85.
LaTeX Font Info:    Trying to load font information for T1+ppl on input line 85
.
(/usr/share/texlive/texmf-dist/tex/latex/psnfss/t1ppl.fd
File: t1ppl.fd 2001/06/04 font definitions for T1/ppl.
) (./Project1.aux)
\openout1 = `Project1.aux'.

LaTeX Font Info:    Checking defaults for OML/cmm/m/it on input line 85.
LaTeX Font Info:    ... okay on input line 85.
LaTeX Font Info:    Checking defaults for OMS/cmsy/m/n on input line 85.
LaTeX Font Info:    ... okay on input line 85.
LaTeX Font Info:    Checking defaults for OT1/cmr/m/n on input line 85.
LaTeX Font Info:    ... okay on input line 85.
LaTeX Font Info:    Checking defaults for T1/cmr/m/n on input line 85.
LaTeX Font Info:    ... okay on input line 85.
LaTeX Font Info:    Checking defaults for TS1/cmr/m/n on input line 85.
LaTeX Font Info:    ... okay on input line 85.
LaTeX Font Info:    Checking defaults for OMX/cmex/m/n on input line 85.
LaTeX Font Info:    ... okay on input line 85.
LaTeX Font Info:    Checking defaults for U/cmr/m/n on input line 85.
LaTeX Font Info:    ... okay on input line 85.
LaTeX Font Info:    Checking defaults for PD1/pdf/m/n on input line 85.
LaTeX Font Info:    ... okay on input line 85.

(/usr/share/texlive/texmf-dist/tex/context/base/mkii/supp-pdf.mkii
[Loading MPS to PDF converter (version 2006.09.02).]
\scratchcounter=\count349
\scratchdimen=\dimen309
\scratchbox=\box99
\nofMPsegments=\count350
\nofMParguments=\count351
\everyMPshowfont=\toks47
\MPscratchCnt=\count352
\MPscratchDim=\dimen310
\MPnumerator=\count353
\makeMPintoPDFobject=\count354
\everyMPtoPDFconversion=\toks48
) (/usr/share/texlive/texmf-dist/tex/latex/epstopdf-pkg/epstopdf-base.sty
Package: epstopdf-base 2020-01-24 v2.11 Base part for package epstopdf
Package epstopdf-base Info: Redefining graphics rule for `.eps' on input line 4
85.

(/usr/share/texlive/texmf-dist/tex/latex/latexconfig/epstopdf-sys.cfg
File: epstopdf-sys.cfg 2010/07/13 v1.3 Configuration of (r)epstopdf for TeX Liv
e
))
Package hyperref Info: Link coloring ON on input line 85.

(/usr/share/texlive/texmf-dist/tex/latex/hyperref/nameref.sty
Package: nameref 2019/09/16 v2.46 Cross-referencing by name of section

(/usr/share/texlive/texmf-dist/tex/latex/refcount/refcount.sty
Package: refcount 2019/12/15 v3.6 Data extraction from label references (HO)
)
(/usr/share/texlive/texmf-dist/tex/generic/gettitlestring/gettitlestring.sty
Package: gettitlestring 2019/12/15 v1.6 Cleanup title references (HO)
)
\c@section@level=\count355
)
LaTeX Info: Redefining \ref on input line 85.
LaTeX Info: Redefining \pageref on input line 85.
LaTeX Info: Redefining \nameref on input line 85.

(./Project1.out) (./Project1.out)
\@outlinefile=\write5
\openout5 = `Project1.out'.

\c@lstlisting=\count356

(/usr/share/texlive/texmf-dist/tex/latex/siunitx/siunitx-abbreviations.cfg
File: siunitx-abbreviations.cfg 2017/11/26 v2.7k siunitx: Abbreviated units
)
(/usr/share/texlive/texmf-dist/tex/latex/translator/translator-basic-dictionary
-English.dict
Dictionary: translator-basic-dictionary, Language: English 
)
*geometry* driver: auto-detecting
*geometry* detected driver: pdftex
*geometry* verbose mode - [ preamble ] result:
* driver: pdftex
* paper: <default>
* layout: <same size as paper>
* layoutoffset:(h,v)=(0.0pt,0.0pt)
* modes: 
* h-part:(L,W,R)=(92.14519pt, 430.00462pt, 92.14519pt)
* v-part:(T,H,B)=(95.39737pt, 556.47656pt, 143.09605pt)
* \paperwidth=614.295pt
* \paperheight=794.96999pt
* \textwidth=430.00462pt
* \textheight=556.47656pt
* \oddsidemargin=19.8752pt
* \evensidemargin=19.8752pt
* \topmargin=-17.87262pt
* \headheight=25.0pt
* \headsep=16.0pt
* \topskip=10.0pt
* \footskip=30.0pt
* \marginparwidth=30.0pt
* \marginparsep=6.0pt
* \columnsep=18.0pt
* \skip\footins=39.0pt plus 4.0pt minus 12.0pt
* \hoffset=0.0pt
* \voffset=0.0pt
* \mag=1000
* \@twocolumnfalse
* \@twosidefalse
* \@mparswitchfalse
* \@reversemarginfalse
* (1in=72.27pt=25.4mm, 1cm=28.453pt)

Class revtex4-1 Info: Taking \maketitle back from hyperref on input line 85.
\openout3 = `Project1Notes.bib'.

LaTeX Font Info:    Trying to load font information for OT1+ppl on input line 8
5.
(/usr/share/texlive/texmf-dist/tex/latex/psnfss/ot1ppl.fd
File: ot1ppl.fd 2001/06/04 font definitions for OT1/ppl.
)
LaTeX Font Info:    Trying to load font information for OML+zplm on input line 
85.

(/usr/share/texlive/texmf-dist/tex/latex/psnfss/omlzplm.fd
File: omlzplm.fd 2002/09/08 Fontinst v1.914 font definitions for OML/zplm.
)
LaTeX Font Info:    Trying to load font information for OMS+zplm on input line 
85.

(/usr/share/texlive/texmf-dist/tex/latex/psnfss/omszplm.fd
File: omszplm.fd 2002/09/08 Fontinst v1.914 font definitions for OMS/zplm.
)
LaTeX Font Info:    Trying to load font information for OMX+zplm on input line 
85.

(/usr/share/texlive/texmf-dist/tex/latex/psnfss/omxzplm.fd
File: omxzplm.fd 2002/09/08 Fontinst v1.914 font definitions for OMX/zplm.
)
LaTeX Font Info:    Font shape `U/msa/m/n' will be
(Font)              scaled to size 10.42007pt on input line 85.
LaTeX Font Info:    Font shape `U/msa/m/n' will be
(Font)              scaled to size 7.91925pt on input line 85.
LaTeX Font Info:    Font shape `U/msa/m/n' will be
(Font)              scaled to size 6.25204pt on input line 85.
LaTeX Font Info:    Font shape `U/msb/m/n' will be
(Font)              scaled to size 10.42007pt on input line 85.
LaTeX Font Info:    Font shape `U/msb/m/n' will be
(Font)              scaled to size 7.91925pt on input line 85.
LaTeX Font Info:    Font shape `U/msb/m/n' will be
(Font)              scaled to size 6.25204pt on input line 85.
LaTeX Font Info:    Trying to load font information for OT1+zplm on input line 
85.

(/usr/share/texlive/texmf-dist/tex/latex/psnfss/ot1zplm.fd
File: ot1zplm.fd 2002/09/08 Fontinst v1.914 font definitions for OT1/zplm.
)
<../../pictures/UIO.png, id=63, 200.75pt x 200.75pt>
File: ../../pictures/UIO.png Graphic file (type png)
<use ../../pictures/UIO.png>
Package pdftex.def Info: ../../pictures/UIO.png  used on input line 96.
(pdftex.def)             Requested size: 100.37474pt x 100.37474pt.
 (./Project1.toc)
\tf@toc=\write6
\openout6 = `Project1.toc'.


[0{/var/lib/texmf/fonts/map/pdftex/updmap/pdftex.map} <../../pictures/UIO.png>]
LaTeX Font Info:    Font shape `U/msa/m/n' will be
(Font)              scaled to size 8.33606pt on input line 111.
LaTeX Font Info:    Font shape `U/msa/m/n' will be
(Font)              scaled to size 5.21004pt on input line 111.
LaTeX Font Info:    Font shape `U/msb/m/n' will be
(Font)              scaled to size 8.33606pt on input line 111.
LaTeX Font Info:    Font shape `U/msb/m/n' will be
(Font)              scaled to size 5.21004pt on input line 111.

Underfull \hbox (badness 10000) in paragraph at lines 111--111
  [][][][][]\T1/ppl/m/n/8 https://github.com/sigurdru/FYS-
 []

<../output/plots//Frank_anal_eps_0.pdf, id=90, 578.16pt x 397.485pt>
File: ../output/plots//Frank_anal_eps_0.pdf Graphic file (type pdf)
<use ../output/plots//Frank_anal_eps_0.pdf>
Package pdftex.def Info: ../output/plots//Frank_anal_eps_0.pdf  used on input l
ine 133.
(pdftex.def)             Requested size: 210.70462pt x 144.85944pt.
LaTeX Font Info:    Font shape `U/msa/m/n' will be
(Font)              scaled to size 9.37807pt on input line 134.
LaTeX Font Info:    Font shape `U/msa/m/n' will be
(Font)              scaled to size 7.29405pt on input line 134.
LaTeX Font Info:    Font shape `U/msb/m/n' will be
(Font)              scaled to size 9.37807pt on input line 134.
LaTeX Font Info:    Font shape `U/msb/m/n' will be
(Font)              scaled to size 7.29405pt on input line 134.
<../output/plots//Franke_rawdata_eps02.pdf, id=91, 578.16pt x 397.485pt>
File: ../output/plots//Franke_rawdata_eps02.pdf Graphic file (type pdf)
<use ../output/plots//Franke_rawdata_eps02.pdf>
Package pdftex.def Info: ../output/plots//Franke_rawdata_eps02.pdf  used on inp
ut line 136.
(pdftex.def)             Requested size: 210.70462pt x 144.85944pt.

LaTeX Warning: `h' float specifier changed to `ht'.

[1] [2 <../output/plots//Frank_anal_eps_0.pdf> <../output/plots//Franke_rawdata
_eps02.pdf

pdfTeX warning: pdflatex (file ../output/plots//Franke_rawdata_eps02.pdf): PDF 
inclusion: multiple pdfs with page group included in a single page
>]
LaTeX Font Info:    Font shape `U/msa/m/n' will be
(Font)              scaled to size 12.50409pt on input line 168.
LaTeX Font Info:    Font shape `U/msb/m/n' will be
(Font)              scaled to size 12.50409pt on input line 168.
<../output/plots//MSE_OLS_n30_eps02_pol5.pdf, id=154, 578.16pt x 397.485pt>
File: ../output/plots//MSE_OLS_n30_eps02_pol5.pdf Graphic file (type pdf)
<use ../output/plots//MSE_OLS_n30_eps02_pol5.pdf>
Package pdftex.def Info: ../output/plots//MSE_OLS_n30_eps02_pol5.pdf  used on i
nput line 207.
(pdftex.def)             Requested size: 210.70462pt x 144.85944pt.
<../output/plots//R2_OLS_n30_eps02_pol5.pdf, id=155, 578.16pt x 397.485pt>
File: ../output/plots//R2_OLS_n30_eps02_pol5.pdf Graphic file (type pdf)
<use ../output/plots//R2_OLS_n30_eps02_pol5.pdf>
Package pdftex.def Info: ../output/plots//R2_OLS_n30_eps02_pol5.pdf  used on in
put line 210.
(pdftex.def)             Requested size: 210.70462pt x 144.85944pt.


LaTeX Warning: `h' float specifier changed to `ht'.

[3]
LaTeX Font Info:    Trying to load font information for U+fplmbb on input line 
221.
 (/usr/share/texlive/texmf-dist/tex/latex/psnfss/ufplmbb.fd
File: ufplmbb.fd 2003/10/30 Fontinst v1.914 font definitions for U/fplmbb.
)
<../output/plots//Var_OLS_poldeg_1.pdf, id=170, 578.16pt x 397.485pt>
File: ../output/plots//Var_OLS_poldeg_1.pdf Graphic file (type pdf)
<use ../output/plots//Var_OLS_poldeg_1.pdf>
Package pdftex.def Info: ../output/plots//Var_OLS_poldeg_1.pdf  used on input l
ine 239.
(pdftex.def)             Requested size: 210.70462pt x 144.85944pt.
<../output/plots//Var_OLS_poldeg_3.pdf, id=171, 578.16pt x 397.485pt>
File: ../output/plots//Var_OLS_poldeg_3.pdf Graphic file (type pdf)
<use ../output/plots//Var_OLS_poldeg_3.pdf>
Package pdftex.def Info: ../output/plots//Var_OLS_poldeg_3.pdf  used on input l
ine 242.
(pdftex.def)             Requested size: 210.70462pt x 144.85944pt.
<../output/plots//Var_OLS_poldeg_5.pdf, id=172, 578.16pt x 397.485pt>
File: ../output/plots//Var_OLS_poldeg_5.pdf Graphic file (type pdf)
<use ../output/plots//Var_OLS_poldeg_5.pdf>
Package pdftex.def Info: ../output/plots//Var_OLS_poldeg_5.pdf  used on input l
ine 245.
(pdftex.def)             Requested size: 210.70462pt x 144.85944pt.


LaTeX Warning: `h' float specifier changed to `ht'.

[4 <../output/plots//MSE_OLS_n30_eps02_pol5.pdf> <../output/plots//R2_OLS_n30_e
ps02_pol5.pdf

pdfTeX warning: pdflatex (file ../output/plots//R2_OLS_n30_eps02_pol5.pdf): PDF
 inclusion: multiple pdfs with page group included in a single page
>] [5 <../output/plots//Var_OLS_poldeg_1.pdf> <../output/plots//Var_OLS_poldeg_
3.pdf

pdfTeX warning: pdflatex (file ../output/plots//Var_OLS_poldeg_3.pdf): PDF incl
usion: multiple pdfs with page group included in a single page
> <../output/plots//Var_OLS_poldeg_5.pdf

pdfTeX warning: pdflatex (file ../output/plots//Var_OLS_poldeg_5.pdf): PDF incl
usion: multiple pdfs with page group included in a single page
>]
<../output/plots//MSE_OLS_n30_eps02_pol20_Bootstrap_re90.pdf, id=266, 578.16pt 
x 397.485pt>
File: ../output/plots//MSE_OLS_n30_eps02_pol20_Bootstrap_re90.pdf Graphic file 
(type pdf)
<use ../output/plots//MSE_OLS_n30_eps02_pol20_Bootstrap_re90.pdf>
Package pdftex.def Info: ../output/plots//MSE_OLS_n30_eps02_pol20_Bootstrap_re9
0.pdf  used on input line 264.
(pdftex.def)             Requested size: 210.70462pt x 144.85944pt.
<../output/plots//MSE_OLS_n30_eps02_pol10_Bootstrap_re90.pdf, id=267, 578.16pt 
x 397.485pt>
File: ../output/plots//MSE_OLS_n30_eps02_pol10_Bootstrap_re90.pdf Graphic file 
(type pdf)
<use ../output/plots//MSE_OLS_n30_eps02_pol10_Bootstrap_re90.pdf>
Package pdftex.def Info: ../output/plots//MSE_OLS_n30_eps02_pol10_Bootstrap_re9
0.pdf  used on input line 267.
(pdftex.def)             Requested size: 210.70462pt x 144.85944pt.
 [6 <../output/plots//MSE_OLS_n30_eps02_pol20_Bootstrap_re90.pdf> <../output/pl
ots//MSE_OLS_n30_eps02_pol10_Bootstrap_re90.pdf

pdfTeX warning: pdflatex (file ../output/plots//MSE_OLS_n30_eps02_pol10_Bootstr
ap_re90.pdf): PDF inclusion: multiple pdfs with page group included in a single
 page
>]
<../output/plots//BVT_OLS_n30_eps0_2.pdf, id=307, 578.16pt x 397.485pt>
File: ../output/plots//BVT_OLS_n30_eps0_2.pdf Graphic file (type pdf)
<use ../output/plots//BVT_OLS_n30_eps0_2.pdf>
Package pdftex.def Info: ../output/plots//BVT_OLS_n30_eps0_2.pdf  used on input
 line 292.
(pdftex.def)             Requested size: 430.00462pt x 295.62631pt.
 [7 <../output/plots//BVT_OLS_n30_eps0_2.pdf>]
<../output/plots//MSE_OLS_n30_eps02_pol6_CV_re5.pdf, id=331, 578.16pt x 397.485
pt>
File: ../output/plots//MSE_OLS_n30_eps02_pol6_CV_re5.pdf Graphic file (type pdf
)
<use ../output/plots//MSE_OLS_n30_eps02_pol6_CV_re5.pdf>
Package pdftex.def Info: ../output/plots//MSE_OLS_n30_eps02_pol6_CV_re5.pdf  us
ed on input line 307.
(pdftex.def)             Requested size: 210.70462pt x 144.85944pt.
<../output/plots//MSE_OLS_n30_eps02_pol6_CV_re7.pdf, id=332, 578.16pt x 397.485
pt>
File: ../output/plots//MSE_OLS_n30_eps02_pol6_CV_re7.pdf Graphic file (type pdf
)
<use ../output/plots//MSE_OLS_n30_eps02_pol6_CV_re7.pdf>
Package pdftex.def Info: ../output/plots//MSE_OLS_n30_eps02_pol6_CV_re7.pdf  us
ed on input line 310.
(pdftex.def)             Requested size: 210.70462pt x 144.85944pt.
<../output/plots//MSE_OLS_n30_eps02_pol6_CV_re10.pdf, id=333, 578.16pt x 397.48
5pt>
File: ../output/plots//MSE_OLS_n30_eps02_pol6_CV_re10.pdf Graphic file (type pd
f)
<use ../output/plots//MSE_OLS_n30_eps02_pol6_CV_re10.pdf>
Package pdftex.def Info: ../output/plots//MSE_OLS_n30_eps02_pol6_CV_re10.pdf  u
sed on input line 313.
(pdftex.def)             Requested size: 210.70462pt x 144.85944pt.
<../output/plots//MSE_OLS_n30_eps02_pol10_CV_re10.pdf, id=334, 578.16pt x 397.4
85pt>
File: ../output/plots//MSE_OLS_n30_eps02_pol10_CV_re10.pdf Graphic file (type p
df)
<use ../output/plots//MSE_OLS_n30_eps02_pol10_CV_re10.pdf>
Package pdftex.def Info: ../output/plots//MSE_OLS_n30_eps02_pol10_CV_re10.pdf  
used on input line 316.
(pdftex.def)             Requested size: 210.70462pt x 144.85944pt.


LaTeX Warning: `h' float specifier changed to `ht'.

[8] [9 <../output/plots//MSE_OLS_n30_eps02_pol6_CV_re5.pdf> <../output/plots//M
SE_OLS_n30_eps02_pol6_CV_re7.pdf

pdfTeX warning: pdflatex (file ../output/plots//MSE_OLS_n30_eps02_pol6_CV_re7.p
df): PDF inclusion: multiple pdfs with page group included in a single page
> <../output/plots//MSE_OLS_n30_eps02_pol6_CV_re10.pdf

pdfTeX warning: pdflatex (file ../output/plots//MSE_OLS_n30_eps02_pol6_CV_re10.
pdf): PDF inclusion: multiple pdfs with page group included in a single page
> <../output/plots//MSE_OLS_n30_eps02_pol10_CV_re10.pdf

pdfTeX warning: pdflatex (file ../output/plots//MSE_OLS_n30_eps02_pol10_CV_re10
.pdf): PDF inclusion: multiple pdfs with page group included in a single page
>]
<../output/plots//Contour_PL_Ridge_Bootstrap90_n30_eps0.2_p1_15_lmb0_m6.pdf, id
=394, 578.16pt x 397.485pt>
File: ../output/plots//Contour_PL_Ridge_Bootstrap90_n30_eps0.2_p1_15_lmb0_m6.pd
f Graphic file (type pdf)
<use ../output/plots//Contour_PL_Ridge_Bootstrap90_n30_eps0.2_p1_15_lmb0_m6.pdf
>
Package pdftex.def Info: ../output/plots//Contour_PL_Ridge_Bootstrap90_n30_eps0
.2_p1_15_lmb0_m6.pdf  used on input line 344.
(pdftex.def)             Requested size: 344.005pt x 236.50348pt.
 [10 <../output/plots//Contour_PL_Ridge_Bootstrap90_n30_eps0.2_p1_15_lmb0_m6.pd
f>]
<../output/plots//Contour_PL_Ridge_CV10_n30_eps0.2_p1_6_lmb2_m6.pdf, id=427, 57
8.16pt x 397.485pt>
File: ../output/plots//Contour_PL_Ridge_CV10_n30_eps0.2_p1_6_lmb2_m6.pdf Graphi
c file (type pdf)
<use ../output/plots//Contour_PL_Ridge_CV10_n30_eps0.2_p1_6_lmb2_m6.pdf>
Package pdftex.def Info: ../output/plots//Contour_PL_Ridge_CV10_n30_eps0.2_p1_6
_lmb2_m6.pdf  used on input line 358.
(pdftex.def)             Requested size: 344.005pt x 236.50348pt.


LaTeX Warning: `h' float specifier changed to `ht'.

<../output/plots//LBVT_Ridge_Bootstrap_n30_eps0_2_p20_lmbm8_m2.pdf, id=429, 133
5.54965pt x 703.90984pt>
File: ../output/plots//LBVT_Ridge_Bootstrap_n30_eps0_2_p20_lmbm8_m2.pdf Graphic
 file (type pdf)
<use ../output/plots//LBVT_Ridge_Bootstrap_n30_eps0_2_p20_lmbm8_m2.pdf>
Package pdftex.def Info: ../output/plots//LBVT_Ridge_Bootstrap_n30_eps0_2_p20_l
mbm8_m2.pdf  used on input line 369.
(pdftex.def)             Requested size: 430.00462pt x 226.63057pt.

LaTeX Warning: `h' float specifier changed to `ht'.

[11]
<../output/plots//Contour_PL_Lasso_Bootstrap90_n30_eps0.2_p1_10_lmbm1_m6.pdf, i
d=440, 578.16pt x 397.485pt>
File: ../output/plots//Contour_PL_Lasso_Bootstrap90_n30_eps0.2_p1_10_lmbm1_m6.p
df Graphic file (type pdf)
<use ../output/plots//Contour_PL_Lasso_Bootstrap90_n30_eps0.2_p1_10_lmbm1_m6.pd
f>
Package pdftex.def Info: ../output/plots//Contour_PL_Lasso_Bootstrap90_n30_eps0
.2_p1_10_lmbm1_m6.pdf  used on input line 404.
(pdftex.def)             Requested size: 344.005pt x 236.50348pt.


LaTeX Warning: `h' float specifier changed to `ht'.

[12 <../output/plots//Contour_PL_Ridge_CV10_n30_eps0.2_p1_6_lmb2_m6.pdf>]
<../output/plots//LBVT_Lasso_Bootstrap_n30_eps0_2_p12_lmbm5_m2.pdf, id=468, 133
5.54965pt x 703.90984pt>
File: ../output/plots//LBVT_Lasso_Bootstrap_n30_eps0_2_p12_lmbm5_m2.pdf Graphic
 file (type pdf)
<use ../output/plots//LBVT_Lasso_Bootstrap_n30_eps0_2_p12_lmbm5_m2.pdf>
Package pdftex.def Info: ../output/plots//LBVT_Lasso_Bootstrap_n30_eps0_2_p12_l
mbm5_m2.pdf  used on input line 412.
(pdftex.def)             Requested size: 430.00462pt x 226.63057pt.


LaTeX Warning: `h' float specifier changed to `ht'.

<../output/plots//Contour_PL_Lasso_CV10_n30_eps0.2_p1_15_lmb1_m2.pdf, id=471, 5
78.16pt x 397.485pt>
File: ../output/plots//Contour_PL_Lasso_CV10_n30_eps0.2_p1_15_lmb1_m2.pdf Graph
ic file (type pdf)
<use ../output/plots//Contour_PL_Lasso_CV10_n30_eps0.2_p1_15_lmb1_m2.pdf>
Package pdftex.def Info: ../output/plots//Contour_PL_Lasso_CV10_n30_eps0.2_p1_1
5_lmb1_m2.pdf  used on input line 423.
(pdftex.def)             Requested size: 344.005pt x 236.50348pt.
<../output/plots//Contour_PL_Lasso_CV10_n30_eps0.2_p1_6_lmbm1_m6.pdf, id=472, 5
78.16pt x 397.485pt>
File: ../output/plots//Contour_PL_Lasso_CV10_n30_eps0.2_p1_6_lmbm1_m6.pdf Graph
ic file (type pdf)
<use ../output/plots//Contour_PL_Lasso_CV10_n30_eps0.2_p1_6_lmbm1_m6.pdf>
Package pdftex.def Info: ../output/plots//Contour_PL_Lasso_CV10_n30_eps0.2_p1_6
_lmbm1_m6.pdf  used on input line 426.
(pdftex.def)             Requested size: 344.005pt x 236.50348pt.
[13 <../output/plots//LBVT_Ridge_Bootstrap_n30_eps0_2_p20_lmbm8_m2.pdf>]

LaTeX Warning: `h' float specifier changed to `ht'.

[14 <../output/plots//Contour_PL_Lasso_Bootstrap90_n30_eps0.2_p1_10_lmbm1_m6.pd
f>] [15 <../output/plots//LBVT_Lasso_Bootstrap_n30_eps0_2_p12_lmbm5_m2.pdf>]
[16 <../output/plots//Contour_PL_Lasso_CV10_n30_eps0.2_p1_15_lmb1_m2.pdf> <../o
utput/plots//Contour_PL_Lasso_CV10_n30_eps0.2_p1_6_lmbm1_m6.pdf

pdfTeX warning: pdflatex (file ../output/plots//Contour_PL_Lasso_CV10_n30_eps0.
2_p1_6_lmbm1_m6.pdf): PDF inclusion: multiple pdfs with page group included in 
a single page
>]
Overfull \hbox (181.5696pt too wide) in paragraph at lines 454--454
  [][][][][]\T1/ppl/m/n/8 https://github.com/CompPhysics/MachineLearning/tree/m
aster/doc/Projects/2021/Project1/DataFiles[][]| 
 []

LaTeX Font Info:    Trying to load font information for T1+cmtt on input line 4
54.
(/usr/share/texlive/texmf-dist/tex/latex/base/t1cmtt.fd
File: t1cmtt.fd 2019/12/16 v2.5j Standard LaTeX font definitions
)
<../output/plots//SRTM_rawdata_n50.pdf, id=577, 578.16pt x 397.485pt>
File: ../output/plots//SRTM_rawdata_n50.pdf Graphic file (type pdf)
<use ../output/plots//SRTM_rawdata_n50.pdf>
Package pdftex.def Info: ../output/plots//SRTM_rawdata_n50.pdf  used on input l
ine 457.
(pdftex.def)             Requested size: 430.00462pt x 295.62631pt.
 [17 <../output/plots//SRTM_rawdata_n50.pdf>]
<../output/plots//SRTM_MSE_OLS_n50_pol30_Bootstrap_re50_log.pdf, id=602, 578.16
pt x 397.485pt>
File: ../output/plots//SRTM_MSE_OLS_n50_pol30_Bootstrap_re50_log.pdf Graphic fi
le (type pdf)
<use ../output/plots//SRTM_MSE_OLS_n50_pol30_Bootstrap_re50_log.pdf>
Package pdftex.def Info: ../output/plots//SRTM_MSE_OLS_n50_pol30_Bootstrap_re50
_log.pdf  used on input line 469.
(pdftex.def)             Requested size: 210.70462pt x 144.85944pt.
<../output/plots//SRTM_MSE_OLS_n30_pol15_Bootstrap_re50_log.pdf, id=603, 578.16
pt x 397.485pt>
File: ../output/plots//SRTM_MSE_OLS_n30_pol15_Bootstrap_re50_log.pdf Graphic fi
le (type pdf)
<use ../output/plots//SRTM_MSE_OLS_n30_pol15_Bootstrap_re50_log.pdf>
Package pdftex.def Info: ../output/plots//SRTM_MSE_OLS_n30_pol15_Bootstrap_re50
_log.pdf  used on input line 472.
(pdftex.def)             Requested size: 210.70462pt x 144.85944pt.
<../output/plots//SRTM_prediction_p10.pdf, id=607, 578.16pt x 397.485pt>
File: ../output/plots//SRTM_prediction_p10.pdf Graphic file (type pdf)
<use ../output/plots//SRTM_prediction_p10.pdf>
Package pdftex.def Info: ../output/plots//SRTM_prediction_p10.pdf  used on inpu
t line 483.
(pdftex.def)             Requested size: 210.70462pt x 144.85944pt.
<../output/plots//SRTM_prediction_p20.pdf, id=608, 578.16pt x 397.485pt>
File: ../output/plots//SRTM_prediction_p20.pdf Graphic file (type pdf)
<use ../output/plots//SRTM_prediction_p20.pdf>
Package pdftex.def Info: ../output/plots//SRTM_prediction_p20.pdf  used on inpu
t line 486.
(pdftex.def)             Requested size: 210.70462pt x 144.85944pt.
<../output/plots//SRTM_prediction_p30.pdf, id=609, 578.16pt x 397.485pt>
File: ../output/plots//SRTM_prediction_p30.pdf Graphic file (type pdf)
<use ../output/plots//SRTM_prediction_p30.pdf>
Package pdftex.def Info: ../output/plots//SRTM_prediction_p30.pdf  used on inpu
t line 489.
(pdftex.def)             Requested size: 210.70462pt x 144.85944pt.
<../output/plots//SRTM_prediction_p50.pdf, id=610, 578.16pt x 397.485pt>
File: ../output/plots//SRTM_prediction_p50.pdf Graphic file (type pdf)
<use ../output/plots//SRTM_prediction_p50.pdf>
Package pdftex.def Info: ../output/plots//SRTM_prediction_p50.pdf  used on inpu
t line 492.
(pdftex.def)             Requested size: 210.70462pt x 144.85944pt.


LaTeX Warning: `h' float specifier changed to `ht'.

<../output/plots//SRTM_MSE_OLS_n50_pol7_CV_re5_log.pdf, id=613, 578.16pt x 397.
485pt>
File: ../output/plots//SRTM_MSE_OLS_n50_pol7_CV_re5_log.pdf Graphic file (type 
pdf)
<use ../output/plots//SRTM_MSE_OLS_n50_pol7_CV_re5_log.pdf>
Package pdftex.def Info: ../output/plots//SRTM_MSE_OLS_n50_pol7_CV_re5_log.pdf 
 used on input line 504.
(pdftex.def)             Requested size: 210.70462pt x 144.85944pt.
<../output/plots//SRTM_MSE_OLS_n50_pol7_CV_re10_log.pdf, id=614, 578.16pt x 397
.485pt>
File: ../output/plots//SRTM_MSE_OLS_n50_pol7_CV_re10_log.pdf Graphic file (type
 pdf)
<use ../output/plots//SRTM_MSE_OLS_n50_pol7_CV_re10_log.pdf>
Package pdftex.def Info: ../output/plots//SRTM_MSE_OLS_n50_pol7_CV_re10_log.pdf
  used on input line 507.
(pdftex.def)             Requested size: 210.70462pt x 144.85944pt.

LaTeX Warning: `h' float specifier changed to `ht'.

[18 <../output/plots//SRTM_MSE_OLS_n50_pol30_Bootstrap_re50_log.pdf> <../output
/plots//SRTM_MSE_OLS_n30_pol15_Bootstrap_re50_log.pdf

pdfTeX warning: pdflatex (file ../output/plots//SRTM_MSE_OLS_n30_pol15_Bootstra
p_re50_log.pdf): PDF inclusion: multiple pdfs with page group included in a sin
gle page
>]
<../output/plots//SRTM_BVT_OLS_n50_log.pdf, id=659, 578.16pt x 397.485pt>
File: ../output/plots//SRTM_BVT_OLS_n50_log.pdf Graphic file (type pdf)
<use ../output/plots//SRTM_BVT_OLS_n50_log.pdf>
Package pdftex.def Info: ../output/plots//SRTM_BVT_OLS_n50_log.pdf  used on inp
ut line 520.
(pdftex.def)             Requested size: 210.70462pt x 144.85944pt.
<../output/plots//SRTM_BVT_OLS_n30_log.pdf, id=660, 578.16pt x 397.485pt>
File: ../output/plots//SRTM_BVT_OLS_n30_log.pdf Graphic file (type pdf)
<use ../output/plots//SRTM_BVT_OLS_n30_log.pdf>
Package pdftex.def Info: ../output/plots//SRTM_BVT_OLS_n30_log.pdf  used on inp
ut line 523.
(pdftex.def)             Requested size: 210.70462pt x 144.85944pt.


LaTeX Warning: `h' float specifier changed to `ht'.

[19 <../output/plots//SRTM_prediction_p10.pdf> <../output/plots//SRTM_predictio
n_p20.pdf

pdfTeX warning: pdflatex (file ../output/plots//SRTM_prediction_p20.pdf): PDF i
nclusion: multiple pdfs with page group included in a single page
> <../output/plots//SRTM_prediction_p30.pdf

pdfTeX warning: pdflatex (file ../output/plots//SRTM_prediction_p30.pdf): PDF i
nclusion: multiple pdfs with page group included in a single page
> <../output/plots//SRTM_prediction_p50.pdf

pdfTeX warning: pdflatex (file ../output/plots//SRTM_prediction_p50.pdf): PDF i
nclusion: multiple pdfs with page group included in a single page
>]
<../output/plots//SRTM_Contour_PL_Ridge_Bootstrap90_n50_eps0.2_p8_19_lmbm2_m19.
pdf, id=733, 578.16pt x 397.485pt>
File: ../output/plots//SRTM_Contour_PL_Ridge_Bootstrap90_n50_eps0.2_p8_19_lmbm2
_m19.pdf Graphic file (type pdf)
<use ../output/plots//SRTM_Contour_PL_Ridge_Bootstrap90_n50_eps0.2_p8_19_lmbm2_
m19.pdf>
Package pdftex.def Info: ../output/plots//SRTM_Contour_PL_Ridge_Bootstrap90_n50
_eps0.2_p8_19_lmbm2_m19.pdf  used on input line 536.
(pdftex.def)             Requested size: 344.005pt x 236.50348pt.
 [20 <../output/plots//SRTM_MSE_OLS_n50_pol7_CV_re5_log.pdf> <../output/plots//
SRTM_MSE_OLS_n50_pol7_CV_re10_log.pdf

pdfTeX warning: pdflatex (file ../output/plots//SRTM_MSE_OLS_n50_pol7_CV_re10_l
og.pdf): PDF inclusion: multiple pdfs with page group included in a single page

> <../output/plots//SRTM_BVT_OLS_n50_log.pdf

pdfTeX warning: pdflatex (file ../output/plots//SRTM_BVT_OLS_n50_log.pdf): PDF 
inclusion: multiple pdfs with page group included in a single page
> <../output/plots//SRTM_BVT_OLS_n30_log.pdf

pdfTeX warning: pdflatex (file ../output/plots//SRTM_BVT_OLS_n30_log.pdf): PDF 
inclusion: multiple pdfs with page group included in a single page
>]
<../output/plots//SRTM_Contour_PL_Ridge_CV10_n50_eps0.2_p1_9_lmb1_m9.pdf, id=81
0, 578.16pt x 397.485pt>
File: ../output/plots//SRTM_Contour_PL_Ridge_CV10_n50_eps0.2_p1_9_lmb1_m9.pdf G
raphic file (type pdf)
<use ../output/plots//SRTM_Contour_PL_Ridge_CV10_n50_eps0.2_p1_9_lmb1_m9.pdf>
Package pdftex.def Info: ../output/plots//SRTM_Contour_PL_Ridge_CV10_n50_eps0.2
_p1_9_lmb1_m9.pdf  used on input line 544.
(pdftex.def)             Requested size: 344.005pt x 236.50348pt.


LaTeX Warning: `h' float specifier changed to `ht'.

<../output/plots//SRTM_Contour_PL_Lasso_Bootstrap90_n50_eps0.2_p4_11_lmbm6_m10.
pdf, id=813, 578.16pt x 397.485pt>
File: ../output/plots//SRTM_Contour_PL_Lasso_Bootstrap90_n50_eps0.2_p4_11_lmbm6
_m10.pdf Graphic file (type pdf)
<use ../output/plots//SRTM_Contour_PL_Lasso_Bootstrap90_n50_eps0.2_p4_11_lmbm6_
m10.pdf>
Package pdftex.def Info: ../output/plots//SRTM_Contour_PL_Lasso_Bootstrap90_n50
_eps0.2_p4_11_lmbm6_m10.pdf  used on input line 555.
(pdftex.def)             Requested size: 344.005pt x 236.50348pt.

LaTeX Warning: `h' float specifier changed to `ht'.

<../output/plots//SRTM_Contour_PL_Lasso_CV10_n50_eps0.2_p5_14_lmbm1_m9.pdf, id=
816, 578.16pt x 397.485pt>
File: ../output/plots//SRTM_Contour_PL_Lasso_CV10_n50_eps0.2_p5_14_lmbm1_m9.pdf
 Graphic file (type pdf)
<use ../output/plots//SRTM_Contour_PL_Lasso_CV10_n50_eps0.2_p5_14_lmbm1_m9.pdf>

Package pdftex.def Info: ../output/plots//SRTM_Contour_PL_Lasso_CV10_n50_eps0.2
_p5_14_lmbm1_m9.pdf  used on input line 563.
(pdftex.def)             Requested size: 344.005pt x 236.50348pt.

LaTeX Warning: `h' float specifier changed to `ht'.

[21 <../output/plots//SRTM_Contour_PL_Ridge_Bootstrap90_n50_eps0.2_p8_19_lmbm2_
m19.pdf>] [22 <../output/plots//SRTM_Contour_PL_Ridge_CV10_n50_eps0.2_p1_9_lmb1
_m9.pdf>] [23 <../output/plots//SRTM_Contour_PL_Lasso_Bootstrap90_n50_eps0.2_p4
_11_lmbm6_m10.pdf> <../output/plots//SRTM_Contour_PL_Lasso_CV10_n50_eps0.2_p5_1
4_lmbm1_m9.pdf

pdfTeX warning: pdflatex (file ../output/plots//SRTM_Contour_PL_Lasso_CV10_n50_
eps0.2_p5_14_lmbm1_m9.pdf): PDF inclusion: multiple pdfs with page group includ
ed in a single page
>] [24] (./Project1.bbl) [25] (./Project1.aux)
Package rerunfilecheck Info: File `Project1.out' has not changed.
(rerunfilecheck)             Checksum: 57E7675D9140B06CB089F756F8475DC5;1010.
 ) 
Here is how much of TeX's memory you used:
 27578 strings out of 479304
 512320 string characters out of 5869779
 1195827 words of memory out of 5000000
 44049 multiletter control sequences out of 15000+600000
 471659 words of font info for 215 fonts, out of 8000000 for 9000
 1141 hyphenation exceptions out of 8191
 87i,17n,89p,1899b,769s stack positions out of 5000i,500n,10000p,200000b,80000s
{/usr/share/texmf/fonts/enc/dvips/cm-super/cm-super-t1.enc}{/usr/share/texliv
e/texmf-dist/fonts/enc/dvips/base/8r.enc}</usr/share/texlive/texmf-dist/fonts/t
ype1/public/amsfonts/cm/cmbsy10.pfb></usr/share/texlive/texmf-dist/fonts/type1/
public/amsfonts/cmextra/cmbsy9.pfb></usr/share/texlive/texmf-dist/fonts/type1/p
ublic/amsfonts/cm/cmex10.pfb></usr/share/texlive/texmf-dist/fonts/type1/public/
amsfonts/cm/cmmi10.pfb></usr/share/texlive/texmf-dist/fonts/type1/public/amsfon
ts/cm/cmmi12.pfb></usr/share/texlive/texmf-dist/fonts/type1/public/amsfonts/cm/
cmmib10.pfb></usr/share/texlive/texmf-dist/fonts/type1/public/amsfonts/cmextra/
cmmib9.pfb></usr/share/texlive/texmf-dist/fonts/type1/public/amsfonts/cm/cmr10.
pfb></usr/share/texlive/texmf-dist/fonts/type1/public/amsfonts/cm/cmr12.pfb></u
sr/share/texlive/texmf-dist/fonts/type1/public/amsfonts/cm/cmr17.pfb></usr/shar
e/texlive/texmf-dist/fonts/type1/public/amsfonts/cm/cmr7.pfb></usr/share/texliv
e/texmf-dist/fonts/type1/public/amsfonts/cm/cmsy10.pfb></usr/share/texlive/texm
f-dist/fonts/type1/public/amsfonts/cm/cmsy7.pfb></usr/share/texlive/texmf-dist/
fonts/type1/public/mathpazo/fplmbb.pfb></usr/share/texlive/texmf-dist/fonts/typ
e1/public/mathpazo/fplmr.pfb></usr/share/texlive/texmf-dist/fonts/type1/public/
mathpazo/fplmri.pfb></usr/share/texmf/fonts/type1/public/cm-super/sftt1000.pfb>
</usr/share/texlive/texmf-dist/fonts/type1/urw/palatino/uplb8a.pfb></usr/share/
texlive/texmf-dist/fonts/type1/urw/palatino/uplr8a.pfb></usr/share/texlive/texm
f-dist/fonts/type1/urw/palatino/uplri8a.pfb>
Output written on Project1.pdf (26 pages, 1104967 bytes).
PDF statistics:
 1007 PDF objects out of 1200 (max. 8388607)
 850 compressed objects within 9 object streams
 76 named destinations out of 1000 (max. 500000)
 310 words of extra memory for PDF output out of 10000 (max. 10000000)

